#
# There is insufficient memory for the Java Runtime Environment to continue.
# Native memory allocation (mmap) failed to map 2031616 bytes for G1 virtual space
# Possible reasons:
#   The system is out of physical RAM or swap space
#   The process is running with CompressedOops enabled, and the Java Heap may be blocking the growth of the native heap
# Possible solutions:
#   Reduce memory load on the system
#   Increase physical memory or swap space
#   Check if swap backing store is full
#   Decrease Java heap size (-Xmx/-Xms)
#   Decrease number of Java threads
#   Decrease Java thread stack sizes (-Xss)
#   Set larger code cache with -XX:ReservedCodeCacheSize=
#   JVM is running with Unscaled Compressed Oops mode in which the Java heap is
#     placed in the first 4GB address space. The Java Heap base address is the
#     maximum limit for the native heap growth. Please use -XX:HeapBaseMinAddress
#     to set the Java Heap base and to place the Java Heap above 4GB virtual address.
# This output file may be truncated or incomplete.
#
#  Out of Memory Error (os_windows.cpp:3530), pid=40556, tid=35444
#
# JRE version:  (18.0.1.1+2) (build )
# Java VM: Java HotSpot(TM) 64-Bit Server VM (18.0.1.1+2-6, mixed mode, sharing, tiered, compressed oops, compressed class ptrs, g1 gc, windows-amd64)
# No core dump will be written. Minidumps are not enabled by default on client versions of Windows
#

---------------  S U M M A R Y ------------

Command Line: C:\Users\ghita\AppData\Local\Temp\surefire9446008117478355698\surefirebooter11673090143643427081.jar C:\Users\ghita\AppData\Local\Temp\surefire9446008117478355698 2023-05-18T18-48-15_180-jvmRun1 surefire14740571521315223207tmp surefire_0337790727121642130tmp

Host: Intel(R) Core(TM) i5-1035G1 CPU @ 1.00GHz, 8 cores, 7G,  Windows 10 , 64 bit Build 19041 (10.0.19041.2913)
Time: Thu May 18 18:48:15 2023 Maroc (heure d64 bit Build 19041 (10.0.19041.2913) elapsed time: 0.016744 seconds (0d 0h 0m 0s)

---------------  T H R E A D  ---------------

Current thread (0x000001c7548d4e80):  JavaThread "Unknown thread" [_thread_in_vm, id=35444, stack(0x0000002781300000,0x0000002781400000)]

Stack: [0x0000002781300000,0x0000002781400000]
Native frames: (J=compiled Java code, j=interpreted, Vv=VM code, C=native code)
V  [jvm.dll+0x69887a]
V  [jvm.dll+0x7f38bd]
V  [jvm.dll+0x7f51ce]
V  [jvm.dll+0x7f5883]
V  [jvm.dll+0x25ca3f]
V  [jvm.dll+0x6957c9]
V  [jvm.dll+0x68a2fa]
V  [jvm.dll+0x321efb]
V  [jvm.dll+0x3298d6]
V  [jvm.dll+0x37e4a8]
V  [jvm.dll+0x37e6af]
V  [jvm.dll+0x2f9c7a]
V  [jvm.dll+0x2facdd]
V  [jvm.dll+0x7c24f0]
V  [jvm.dll+0x38b801]
V  [jvm.dll+0x7a1203]
V  [jvm.dll+0x40d6bf]
V  [jvm.dll+0x40f091]
C  [jli.dll+0x526b]
C  [ucrtbase.dll+0x21bb2]
C  [KERNEL32.DLL+0x17614]
C  [ntdll.dll+0x526a1]


---------------  P R O C E S S  ---------------

Threads class SMR info:
_java_thread_list=0x00007ffac40dd550, length=0, elements={
}

Java Threads: ( => current thread )

Other Threads:
  0x000001c754933760 WorkerThread "GC Thread#0" [stack: 0x0000002781400000,0x0000002781500000] [id=38888]
  0x000001c754944ea0 ConcurrentGCThread "G1 Main Marker" [stack: 0x0000002781500000,0x0000002781600000] [id=26468]
  0x000001c7549468a0 WorkerThread "G1 Conc#0" [stack: 0x0000002781600000,0x0000002781700000] [id=38384]

[error occurred during error reporting (printing all threads), id 0xc0000005, EXCEPTION_ACCESS_VIOLATION (0xc0000005) at pc=0x00007ffac390a217]

VM state: not at safepoint (not fully initialized)

VM Mutex/Monitor currently owned by a thread:  ([mutex/lock_event])
[0x000001c7548d0cd0] Heap_lock - owner thread: 0x000001c7548d4e80

Heap address: 0x0000000084000000, size: 1984 MB, Compressed Oops mode: 32-bit

CDS archive(s) mapped at: [0x0000000000000000-0x0000000000000000-0x0000000000000000), size 0, SharedBaseAddress: 0x0000000800000000, ArchiveRelocationMode: 0.
Narrow klass base: 0x0000000000000000, Narrow klass shift: 0, Narrow klass range: 0x0

GC Precious Log:
 CardTable entry size: 512
 Card Set container configuration: InlinePtr #cards 5 size 8 Array Of Cards #cards 12 size 40 Howl #buckets 4 coarsen threshold 1843 Howl Bitmap #cards 512 size 80 coarsen threshold 460 Card regions per heap region 1 cards per card region 2048

Heap:
 garbage-first heap   total 0K, used 0K [0x0000000084000000, 0x0000000100000000)
  region size 1024K, 0 young (0K), 0 survivors (0K)

[error occurred during error reporting (printing heap information), id 0xc0000005, EXCEPTION_ACCESS_VIOLATION (0xc0000005) at pc=0x00007ffac3cf0cb9]

GC Heap History (0 events):
No events

Deoptimization events (0 events):
No events

Classes loaded (0 events):
No events

Classes unloaded (0 events):
No events

Classes redefined (0 events):
No events

Internal exceptions (0 events):
No events

VM Operations (0 events):
No events

Events (1 events):
Event: 0.010 Loaded shared library C:\Program Files\Java\jdk-18.0.1.1\bin\java.dll


Dynamic libraries:
0x00007ff628bb0000 - 0x00007ff628bc0000 	C:\Program Files\Java\jdk-18.0.1.1\bin\java.exe
0x00007ffb767b0000 - 0x00007ffb769a8000 	C:\Windows\SYSTEM32\ntdll.dll
0x00007ffb76190000 - 0x00007ffb7624f000 	C:\Windows\System32\KERNEL32.DLL
0x00007ffb74300000 - 0x00007ffb745f6000 	C:\Windows\System32\KERNELBASE.dll
0x00007ffb74060000 - 0x00007ffb74160000 	C:\Windows\System32\ucrtbase.dll
0x00007ffb46db0000 - 0x00007ffb46dc8000 	C:\Program Files\Java\jdk-18.0.1.1\bin\jli.dll
0x00007ffb46e10000 - 0x00007ffb46e2a000 	C:\Program Files\Java\jdk-18.0.1.1\bin\VCRUNTIME140.dll
0x00007ffb766c0000 - 0x00007ffb7676f000 	C:\Windows\System32\ADVAPI32.dll
0x00007ffb75300000 - 0x00007ffb7539e000 	C:\Windows\System32\msvcrt.dll
0x00007ffb76490000 - 0x00007ffb7652c000 	C:\Windows\System32\sechost.dll
0x00007ffb751d0000 - 0x00007ffb752f6000 	C:\Windows\System32\RPCRT4.dll
0x00007ffb75810000 - 0x00007ffb759ad000 	C:\Windows\System32\USER32.dll
0x00007ffb74680000 - 0x00007ffb746a2000 	C:\Windows\System32\win32u.dll
0x00007ffb75a90000 - 0x00007ffb75abc000 	C:\Windows\System32\GDI32.dll
0x00007ffb73e90000 - 0x00007ffb73fa5000 	C:\Windows\System32\gdi32full.dll
0x00007ffb60480000 - 0x00007ffb6071a000 	C:\Windows\WinSxS\amd64_microsoft.windows.common-controls_6595b64144ccf1df_6.0.19041.1110_none_60b5254171f9507e\COMCTL32.dll
0x00007ffb74160000 - 0x00007ffb741fd000 	C:\Windows\System32\msvcp_win.dll
0x00007ffb6d3d0000 - 0x00007ffb6d3da000 	C:\Windows\SYSTEM32\VERSION.dll
0x00007ffb76450000 - 0x00007ffb76480000 	C:\Windows\System32\IMM32.DLL
0x00007ffb46da0000 - 0x00007ffb46dac000 	C:\Program Files\Java\jdk-18.0.1.1\bin\vcruntime140_1.dll
0x00007ffb371a0000 - 0x00007ffb3722d000 	C:\Program Files\Java\jdk-18.0.1.1\bin\msvcp140.dll
0x00007ffac3600000 - 0x00007ffac4210000 	C:\Program Files\Java\jdk-18.0.1.1\bin\server\jvm.dll
0x00007ffb76480000 - 0x00007ffb76488000 	C:\Windows\System32\PSAPI.DLL
0x00007ffb5fd00000 - 0x00007ffb5fd09000 	C:\Windows\SYSTEM32\WSOCK32.dll
0x00007ffb608d0000 - 0x00007ffb608f7000 	C:\Windows\SYSTEM32\WINMM.dll
0x00007ffb75ac0000 - 0x00007ffb75b2b000 	C:\Windows\System32\WS2_32.dll
0x00007ffb726e0000 - 0x00007ffb726f2000 	C:\Windows\SYSTEM32\kernel.appcore.dll
0x00007ffb46d90000 - 0x00007ffb46d9a000 	C:\Program Files\Java\jdk-18.0.1.1\bin\jimage.dll
0x00007ffb71c40000 - 0x00007ffb71e24000 	C:\Windows\SYSTEM32\DBGHELP.DLL
0x00007ffb5b6f0000 - 0x00007ffb5b724000 	C:\Windows\SYSTEM32\dbgcore.DLL
0x00007ffb74270000 - 0x00007ffb742f2000 	C:\Windows\System32\bcryptPrimitives.dll
0x00007ffb46780000 - 0x00007ffb467a5000 	C:\Program Files\Java\jdk-18.0.1.1\bin\java.dll

dbghelp: loaded successfully - version: 4.0.5 - missing functions: none
symbol engine: initialized successfully - sym options: 0x614 - pdb path: .;C:\Program Files\Java\jdk-18.0.1.1\bin;C:\Windows\SYSTEM32;C:\Windows\WinSxS\amd64_microsoft.windows.common-controls_6595b64144ccf1df_6.0.19041.1110_none_60b5254171f9507e;C:\Program Files\Java\jdk-18.0.1.1\bin\server

VM Arguments:
java_command: C:\Users\ghita\AppData\Local\Temp\surefire9446008117478355698\surefirebooter11673090143643427081.jar C:\Users\ghita\AppData\Local\Temp\surefire9446008117478355698 2023-05-18T18-48-15_180-jvmRun1 surefire14740571521315223207tmp surefire_0337790727121642130tmp
java_class_path (initial): C:\Users\ghita\AppData\Local\Temp\surefire9446008117478355698\surefirebooter11673090143643427081.jar
Launcher Type: SUN_STANDARD

[Global flags]
     intx CICompilerCount                          = 4                                         {product} {ergonomic}
     uint ConcGCThreads                            = 2                                         {product} {ergonomic}
     uint G1ConcRefinementThreads                  = 8                                         {product} {ergonomic}
   size_t G1HeapRegionSize                         = 1048576                                   {product} {ergonomic}
    uintx GCDrainStackTargetSize                   = 64                                        {product} {ergonomic}
   size_t InitialHeapSize                          = 130023424                                 {product} {ergonomic}
   size_t MarkStackSize                            = 4194304                                   {product} {ergonomic}
   size_t MaxHeapSize                              = 2080374784                                {product} {ergonomic}
   size_t MinHeapDeltaBytes                        = 1048576                                   {product} {ergonomic}
   size_t MinHeapSize                              = 8388608                                   {product} {ergonomic}
    uintx NonNMethodCodeHeapSize                   = 5839372                                {pd product} {ergonomic}
    uintx NonProfiledCodeHeapSize                  = 122909434                              {pd product} {ergonomic}
    uintx ProfiledCodeHeapSize                     = 122909434                              {pd product} {ergonomic}
    uintx ReservedCodeCacheSize                    = 251658240                              {pd product} {ergonomic}
     bool SegmentedCodeCache                       = true                                      {product} {ergonomic}
   size_t SoftMaxHeapSize                          = 2080374784                             {manageable} {ergonomic}
     bool UseCompressedClassPointers               = true                           {product lp64_product} {ergonomic}
     bool UseCompressedOops                        = true                           {product lp64_product} {ergonomic}
     bool UseG1GC                                  = true                                      {product} {ergonomic}
     bool UseLargePagesIndividualAllocation        = false                                  {pd product} {ergonomic}

Logging:
Log output configuration:
 #0: stdout all=warning uptime,level,tags foldmultilines=false
 #1: stderr all=off uptime,level,tags foldmultilines=false

Environment Variables:
JAVA_HOME=C:\Program Files\Java\jdk-18.0.1.1
PATH=C:\app\ghita\product\21c\dbhomeXE\bin;C:\Users\ghita\Downloads\WINDOWS.X64_213000_db_home\bin;C:\oraclexe\app\oracle\product\11.2.0\server\bin;C:\Program Files\Common Files\Oracle\Java\javapath;C:\Program Files (x86)\Common Files\Oracle\Java\javapath;C:\Windows\system32;C:\Windows;C:\Windows\System32\Wbem;C:\Windows\System32\WindowsPowerShell\v1.0\;C:\Windows\System32\OpenSSH\;C:\Program Files (x86)\NVIDIA Corporation\PhysX\Common;C:\msys64\mingw64\bin;C:\Program Files\MySQL\MySQL Server 8.0\bin;C:\Users\ghita\AppData\Local\Packages\PythonSoftwareFoundation.Python.3.10_qbz5n2kfra8p0\LocalCache\local-packages\Python310\Scripts;C:\xampp\php;C:\ProgramData\Microsoft\Windows\Start Menu\Programs;C:\Program Files\Git\cmd;C:\Program Files\Java\jdk-18.0.1.1\bin;C:\Dev\opencv\build\x64\vc15\bin;C:\Dev\opencv\build\x64\vc15\lib;C:\Program Files\CMake\bin;C:\Dev\opencv\build\x64\mingw\bin;C:\Dev\opencv\build\x64\mingw\lib;C:\Users\ghita\youtubedl;C:\Users\ghita\FFMPEG;C:\sqlite3;C:\Program Files\nodejs\;C:\Windows\System32\WindowsPowerShell\v1.0;C:\Program Files\Git\cmd\git.exe;C:\Users\ghita\flutter\bin;C:\Program Files\PowerShell\7\;C:\Program Files\apache-maven-3.9.2-bin\apache-maven-3.9.2\bin;C:\Users\ghita\AppData\Local\Microsoft\WindowsApps;C:\MinGW\bin;C:\Program Files\CodeBlocks\MinGW\bin;C:\Program Files\MySQL\MySQL Server 8.0\bin;C:\Users\ghita\AppData\Local\Programs\Python\Python310\Scripts;C:\Users\ghita\AppData\Local\Programs\Python\Python310\include;C:\Users\ghita\AppData\Roaming\Microsoft\Windows\Start Menu\Programs\Python 3.10;C:\xampp\php;C:\ProgramData\Microsoft\Windows\Start Menu\Programs;C:\Users\ghita\AppData\Local\GitHubDesktop\bin;C:\Program Files\JetBrains\IntelliJ IDEA 2022.2\bin;C:\Users\ghita\AppData\Local\gitkraken\bin;C:\Users\ghita\AppData\Roaming\npm;C:\Users\ghita\AppData\Local\Programs\Microsoft VS Code\bin;C:\Users\ghita\flutter\bin;C:\Users\ghita\AppData\Local\Android\Sdk;
USERNAME=ghita
OS=Windows_NT
PROCESSOR_IDENTIFIER=Intel64 Family 6 Model 126 Stepping 5, GenuineIntel



---------------  S Y S T E M  ---------------

OS:
 Windows 10 , 64 bit Build 19041 (10.0.19041.2913)
OS uptime: 1 days 5:29 hours

CPU: total 8 (initial active 8) (4 cores per cpu, 2 threads per core) family 6 model 126 stepping 5 microcode 0xa0, cx8, cmov, fxsr, ht, mmx, 3dnowpref, sse, sse2, sse3, ssse3, sse4.1, sse4.2, popcnt, lzcnt, tsc, tscinvbit, avx, avx2, aes, erms, clmul, bmi1, bmi2, adx, avx512f, avx512dq, avx512cd, avx512bw, avx512vl, sha, fma, vzeroupper, avx512_vpopcntdq, avx512_vpclmulqdq, avx512_vaes, avx512_vnni, clflush, clflushopt, avx512_vbmi2, avx512_vbmi

Memory: 4k page, system-wide physical 7930M (101M free)
TotalPageFile size 20218M (AvailPageFile size 6M)
current process WorkingSet (physical memory assigned to process): 10M, peak: 10M
current process commit charge ("private bytes"): 186M, peak: 188M

vm_info: Java HotSpot(TM) 64-Bit Server VM (18.0.1.1+2-6) for windows-amd64 JRE (18.0.1.1+2-6), built on Apr 25 2022 21:53:15 by "mach5one" with MS VC++ 16.8 / 16.9 (VS2019)

END.
