#
# There is insufficient memory for the Java Runtime Environment to continue.
# Native memory allocation (mmap) failed to map 130023424 bytes for G1 virtual space
# Possible reasons:
#   The system is out of physical RAM or swap space
#   The process is running with CompressedOops enabled, and the Java Heap may be blocking the growth of the native heap
# Possible solutions:
#   Reduce memory load on the system
#   Increase physical memory or swap space
#   Check if swap backing store is full
#   Decrease Java heap size (-Xmx/-Xms)
#   Decrease number of Java threads
#   Decrease Java thread stack sizes (-Xss)
#   Set larger code cache with -XX:ReservedCodeCacheSize=
#   JVM is running with Unscaled Compressed Oops mode in which the Java heap is
#     placed in the first 4GB address space. The Java Heap base address is the
#     maximum limit for the native heap growth. Please use -XX:HeapBaseMinAddress
#     to set the Java Heap base and to place the Java Heap above 4GB virtual address.
# This output file may be truncated or incomplete.
#
#  Out of Memory Error (os_windows.cpp:3527), pid=31216, tid=24512
#
# JRE version:  (19.0.1+10) (build )
# Java VM: Java HotSpot(TM) 64-Bit Server VM (19.0.1+10-21, mixed mode, sharing, tiered, compressed oops, compressed class ptrs, g1 gc, windows-amd64)
# No core dump will be written. Minidumps are not enabled by default on client versions of Windows
#

---------------  S U M M A R Y ------------

Command Line: C:\Users\ghita\AppData\Local\Temp\surefire5635059769718900144\surefirebooter1040975025844613199.jar C:\Users\ghita\AppData\Local\Temp\surefire5635059769718900144 2023-05-18T18-46-30_749-jvmRun1 surefire15317846453160032992tmp surefire_017959553986552810241tmp

Host: Intel(R) Core(TM) i5-1035G1 CPU @ 1.00GHz, 8 cores, 7G,  Windows 10 , 64 bit Build 19041 (10.0.19041.2913)
Time: Thu May 18 18:46:31 2023 Maroc (heure d64 bit Build 19041 (10.0.19041.2913) elapsed time: 0.022188 seconds (0d 0h 0m 0s)

---------------  T H R E A D  ---------------

Current thread (0x000001d6d487b480):  JavaThread "Unknown thread" [_thread_in_vm, id=24512, stack(0x0000007056a00000,0x0000007056b00000)]

Stack: [0x0000007056a00000,0x0000007056b00000]
Native frames: (J=compiled Java code, j=interpreted, Vv=VM code, C=native code)
V  [jvm.dll+0x6ee8fa]
V  [jvm.dll+0x857a1e]
V  [jvm.dll+0x85940e]
V  [jvm.dll+0x859ac3]
V  [jvm.dll+0x28291f]
V  [jvm.dll+0x6eb6e9]
V  [jvm.dll+0x6e028a]
V  [jvm.dll+0x357136]
V  [jvm.dll+0x35eb96]
V  [jvm.dll+0x3b555e]
V  [jvm.dll+0x3b578f]
V  [jvm.dll+0x32c6ea]
V  [jvm.dll+0x32d59e]
V  [jvm.dll+0x821b20]
V  [jvm.dll+0x3c27c1]
V  [jvm.dll+0x8022f1]
V  [jvm.dll+0x44b30f]
V  [jvm.dll+0x44cc91]
C  [jli.dll+0x5287]
C  [ucrtbase.dll+0x21bb2]
C  [KERNEL32.DLL+0x17614]
C  [ntdll.dll+0x526a1]


---------------  P R O C E S S  ---------------

Threads class SMR info:
_java_thread_list=0x00007ffb022fd048, length=0, elements={
}

Java Threads: ( => current thread )

Other Threads:
  0x000001d6d48dc310 WorkerThread "GC Thread#0" [stack: 0x0000007056b00000,0x0000007056c00000] [id=31908]
  0x000001d6d48ecc10 ConcurrentGCThread "G1 Main Marker" [stack: 0x0000007056c00000,0x0000007056d00000] [id=2896]
  0x000001d6d48edde0 WorkerThread "G1 Conc#0" [stack: 0x0000007056d00000,0x0000007056e00000] [id=34396]

[error occurred during error reporting (printing all threads), id 0xc0000005, EXCEPTION_ACCESS_VIOLATION (0xc0000005) at pc=0x00007ffb01abd127]

VM state: not at safepoint (not fully initialized)

VM Mutex/Monitor currently owned by a thread:  ([mutex/lock_event])
[0x000001d6d48623d0] Heap_lock - owner thread: 0x000001d6d487b480

Heap address: 0x0000000084000000, size: 1984 MB, Compressed Oops mode: 32-bit

CDS archive(s) mapped at: [0x0000000000000000-0x0000000000000000-0x0000000000000000), size 0, SharedBaseAddress: 0x0000000800000000, ArchiveRelocationMode: 0.
Narrow klass base: 0x0000000000000000, Narrow klass shift: 0, Narrow klass range: 0x0

GC Precious Log:
 CardTable entry size: 512
 Card Set container configuration: InlinePtr #cards 5 size 8 Array Of Cards #cards 12 size 40 Howl #buckets 4 coarsen threshold 1843 Howl Bitmap #cards 512 size 80 coarsen threshold 460 Card regions per heap region 1 cards per card region 2048

Heap:
 garbage-first heap   total 0K, used 0K [0x0000000084000000, 0x0000000100000000)
  region size 1024K, 0 young (0K), 0 survivors (0K)

[error occurred during error reporting (printing heap information), id 0xc0000005, EXCEPTION_ACCESS_VIOLATION (0xc0000005) at pc=0x00007ffb01ec6959]

GC Heap History (0 events):
No events

Dll operation events (1 events):
Event: 0.013 Loaded shared library C:\Program Files\Java\jdk-19\bin\java.dll

Deoptimization events (0 events):
No events

Classes loaded (0 events):
No events

Classes unloaded (0 events):
No events

Classes redefined (0 events):
No events

Internal exceptions (0 events):
No events

VM Operations (0 events):
No events

Events (0 events):
No events


Dynamic libraries:
0x00007ff71b420000 - 0x00007ff71b430000 	C:\Program Files\Java\jdk-19\bin\java.exe
0x00007ffb767b0000 - 0x00007ffb769a8000 	C:\Windows\SYSTEM32\ntdll.dll
0x00007ffb76190000 - 0x00007ffb7624f000 	C:\Windows\System32\KERNEL32.DLL
0x00007ffb74300000 - 0x00007ffb745f6000 	C:\Windows\System32\KERNELBASE.dll
0x00007ffb74060000 - 0x00007ffb74160000 	C:\Windows\System32\ucrtbase.dll
0x00007ffb48040000 - 0x00007ffb4805b000 	C:\Program Files\Java\jdk-19\bin\VCRUNTIME140.dll
0x00007ffb4a5d0000 - 0x00007ffb4a5e8000 	C:\Program Files\Java\jdk-19\bin\jli.dll
0x00007ffb766c0000 - 0x00007ffb7676f000 	C:\Windows\System32\ADVAPI32.dll
0x00007ffb75300000 - 0x00007ffb7539e000 	C:\Windows\System32\msvcrt.dll
0x00007ffb76490000 - 0x00007ffb7652c000 	C:\Windows\System32\sechost.dll
0x00007ffb751d0000 - 0x00007ffb752f6000 	C:\Windows\System32\RPCRT4.dll
0x00007ffb75810000 - 0x00007ffb759ad000 	C:\Windows\System32\USER32.dll
0x00007ffb74680000 - 0x00007ffb746a2000 	C:\Windows\System32\win32u.dll
0x00007ffb75a90000 - 0x00007ffb75abc000 	C:\Windows\System32\GDI32.dll
0x00007ffb73e90000 - 0x00007ffb73fa5000 	C:\Windows\System32\gdi32full.dll
0x00007ffb60480000 - 0x00007ffb6071a000 	C:\Windows\WinSxS\amd64_microsoft.windows.common-controls_6595b64144ccf1df_6.0.19041.1110_none_60b5254171f9507e\COMCTL32.dll
0x00007ffb74160000 - 0x00007ffb741fd000 	C:\Windows\System32\msvcp_win.dll
0x00007ffb6d3d0000 - 0x00007ffb6d3da000 	C:\Windows\SYSTEM32\VERSION.dll
0x00007ffb76450000 - 0x00007ffb76480000 	C:\Windows\System32\IMM32.DLL
0x00007ffb4c0b0000 - 0x00007ffb4c0bc000 	C:\Program Files\Java\jdk-19\bin\vcruntime140_1.dll
0x00007ffb38970000 - 0x00007ffb389fe000 	C:\Program Files\Java\jdk-19\bin\msvcp140.dll
0x00007ffb01780000 - 0x00007ffb02440000 	C:\Program Files\Java\jdk-19\bin\server\jvm.dll
0x00007ffb608d0000 - 0x00007ffb608f7000 	C:\Windows\SYSTEM32\WINMM.dll
0x00007ffb5fd00000 - 0x00007ffb5fd09000 	C:\Windows\SYSTEM32\WSOCK32.dll
0x00007ffb75ac0000 - 0x00007ffb75b2b000 	C:\Windows\System32\WS2_32.dll
0x00007ffb726e0000 - 0x00007ffb726f2000 	C:\Windows\SYSTEM32\kernel.appcore.dll
0x00007ffb4b160000 - 0x00007ffb4b16a000 	C:\Program Files\Java\jdk-19\bin\jimage.dll
0x00007ffb71c40000 - 0x00007ffb71e24000 	C:\Windows\SYSTEM32\DBGHELP.DLL
0x00007ffb5b6f0000 - 0x00007ffb5b724000 	C:\Windows\SYSTEM32\dbgcore.DLL
0x00007ffb74270000 - 0x00007ffb742f2000 	C:\Windows\System32\bcryptPrimitives.dll
0x00007ffb46dd0000 - 0x00007ffb46df6000 	C:\Program Files\Java\jdk-19\bin\java.dll

dbghelp: loaded successfully - version: 4.0.5 - missing functions: none
symbol engine: initialized successfully - sym options: 0x614 - pdb path: .;C:\Program Files\Java\jdk-19\bin;C:\Windows\SYSTEM32;C:\Windows\WinSxS\amd64_microsoft.windows.common-controls_6595b64144ccf1df_6.0.19041.1110_none_60b5254171f9507e;C:\Program Files\Java\jdk-19\bin\server

VM Arguments:
java_command: C:\Users\ghita\AppData\Local\Temp\surefire5635059769718900144\surefirebooter1040975025844613199.jar C:\Users\ghita\AppData\Local\Temp\surefire5635059769718900144 2023-05-18T18-46-30_749-jvmRun1 surefire15317846453160032992tmp surefire_017959553986552810241tmp
java_class_path (initial): C:\Users\ghita\AppData\Local\Temp\surefire5635059769718900144\surefirebooter1040975025844613199.jar
Launcher Type: SUN_STANDARD

[Global flags]
     intx CICompilerCount                          = 4                                         {product} {ergonomic}
     uint ConcGCThreads                            = 2                                         {product} {ergonomic}
     uint G1ConcRefinementThreads                  = 8                                         {product} {ergonomic}
   size_t G1HeapRegionSize                         = 1048576                                   {product} {ergonomic}
    uintx GCDrainStackTargetSize                   = 64                                        {product} {ergonomic}
   size_t InitialHeapSize                          = 130023424                                 {product} {ergonomic}
   size_t MarkStackSize                            = 4194304                                   {product} {ergonomic}
   size_t MaxHeapSize                              = 2080374784                                {product} {ergonomic}
   size_t MinHeapDeltaBytes                        = 1048576                                   {product} {ergonomic}
   size_t MinHeapSize                              = 8388608                                   {product} {ergonomic}
    uintx NonNMethodCodeHeapSize                   = 5839372                                {pd product} {ergonomic}
    uintx NonProfiledCodeHeapSize                  = 122909434                              {pd product} {ergonomic}
    uintx ProfiledCodeHeapSize                     = 122909434                              {pd product} {ergonomic}
    uintx ReservedCodeCacheSize                    = 251658240                              {pd product} {ergonomic}
     bool SegmentedCodeCache                       = true                                      {product} {ergonomic}
   size_t SoftMaxHeapSize                          = 2080374784                             {manageable} {ergonomic}
     bool UseCompressedClassPointers               = true                           {product lp64_product} {ergonomic}
     bool UseCompressedOops                        = true                           {product lp64_product} {ergonomic}
     bool UseG1GC                                  = true                                      {product} {ergonomic}
     bool UseLargePagesIndividualAllocation        = false                                  {pd product} {ergonomic}

Logging:
Log output configuration:
 #0: stdout all=warning uptime,level,tags foldmultilines=false
 #1: stderr all=off uptime,level,tags foldmultilines=false

Environment Variables:
JAVA_HOME=C:\Program Files\Java\jdk-18.0.1.1
PATH=C:\app\ghita\product\21c\dbhomeXE\bin;C:\Users\ghita\Downloads\WINDOWS.X64_213000_db_home\bin;C:\oraclexe\app\oracle\product\11.2.0\server\bin;C:\Program Files\Common Files\Oracle\Java\javapath;C:\Program Files (x86)\Common Files\Oracle\Java\javapath;C:\Windows\system32;C:\Windows;C:\Windows\System32\Wbem;C:\Windows\System32\WindowsPowerShell\v1.0\;C:\Windows\System32\OpenSSH\;C:\Program Files (x86)\NVIDIA Corporation\PhysX\Common;C:\msys64\mingw64\bin;C:\Program Files\MySQL\MySQL Server 8.0\bin;C:\Users\ghita\AppData\Local\Packages\PythonSoftwareFoundation.Python.3.10_qbz5n2kfra8p0\LocalCache\local-packages\Python310\Scripts;C:\xampp\php;C:\ProgramData\Microsoft\Windows\Start Menu\Programs;C:\Program Files\Git\cmd;C:\Program Files\Java\jdk-18.0.1.1\bin;C:\Dev\opencv\build\x64\vc15\bin;C:\Dev\opencv\build\x64\vc15\lib;C:\Program Files\CMake\bin;C:\Dev\opencv\build\x64\mingw\bin;C:\Dev\opencv\build\x64\mingw\lib;C:\Users\ghita\youtubedl;C:\Users\ghita\FFMPEG;C:\sqlite3;C:\Program Files\nodejs\;C:\Windows\System32\WindowsPowerShell\v1.0;C:\Program Files\Git\cmd\git.exe;C:\Users\ghita\flutter\bin;C:\Program Files\PowerShell\7\;C:\Program Files\apache-maven-3.9.2-bin\apache-maven-3.9.2\bin;C:\Users\ghita\AppData\Local\Microsoft\WindowsApps;C:\MinGW\bin;C:\Program Files\CodeBlocks\MinGW\bin;C:\Program Files\MySQL\MySQL Server 8.0\bin;C:\Users\ghita\AppData\Local\Programs\Python\Python310\Scripts;C:\Users\ghita\AppData\Local\Programs\Python\Python310\include;C:\Users\ghita\AppData\Roaming\Microsoft\Windows\Start Menu\Programs\Python 3.10;C:\xampp\php;C:\ProgramData\Microsoft\Windows\Start Menu\Programs;C:\Users\ghita\AppData\Local\GitHubDesktop\bin;C:\Program Files\JetBrains\IntelliJ IDEA 2022.2\bin;C:\Users\ghita\AppData\Local\gitkraken\bin;C:\Users\ghita\AppData\Roaming\npm;C:\Users\ghita\AppData\Local\Programs\Microsoft VS Code\bin;C:\Users\ghita\flutter\bin;C:\Users\ghita\AppData\Local\Android\Sdk;
USERNAME=ghita
OS=Windows_NT
PROCESSOR_IDENTIFIER=Intel64 Family 6 Model 126 Stepping 5, GenuineIntel
TMP=C:\Users\ghita\AppData\Local\Temp
TEMP=C:\Users\ghita\AppData\Local\Temp



---------------  S Y S T E M  ---------------

OS:
 Windows 10 , 64 bit Build 19041 (10.0.19041.2913)
OS uptime: 1 days 5:27 hours

CPU: total 8 (initial active 8) (4 cores per cpu, 2 threads per core) family 6 model 126 stepping 5 microcode 0xa0, cx8, cmov, fxsr, ht, mmx, 3dnowpref, sse, sse2, sse3, ssse3, sse4.1, sse4.2, popcnt, lzcnt, tsc, tscinvbit, avx, avx2, aes, erms, clmul, bmi1, bmi2, adx, avx512f, avx512dq, avx512cd, avx512bw, avx512vl, sha, fma, vzeroupper, avx512_vpopcntdq, avx512_vpclmulqdq, avx512_vaes, avx512_vnni, clflush, clflushopt, avx512_vbmi2, avx512_vbmi, rdtscp, rdpid, fsrm, gfni, avx512_bitalg

Memory: 4k page, system-wide physical 7930M (77M free)
TotalPageFile size 20218M (AvailPageFile size 31M)
current process WorkingSet (physical memory assigned to process): 10M, peak: 10M
current process commit charge ("private bytes"): 60M, peak: 184M

vm_info: Java HotSpot(TM) 64-Bit Server VM (19.0.1+10-21) for windows-amd64 JRE (19.0.1+10-21), built on 2022-09-14T12:45:06Z by "mach5one" with MS VC++ 17.1 (VS2022)

END.
