#
# There is insufficient memory for the Java Runtime Environment to continue.
# Native memory allocation (mmap) failed to map 65536 bytes for Failed to commit metaspace.
# Possible reasons:
#   The system is out of physical RAM or swap space
#   The process is running with CompressedOops enabled, and the Java Heap may be blocking the growth of the native heap
# Possible solutions:
#   Reduce memory load on the system
#   Increase physical memory or swap space
#   Check if swap backing store is full
#   Decrease Java heap size (-Xmx/-Xms)
#   Decrease number of Java threads
#   Decrease Java thread stack sizes (-Xss)
#   Set larger code cache with -XX:ReservedCodeCacheSize=
#   JVM is running with Unscaled Compressed Oops mode in which the Java heap is
#     placed in the first 4GB address space. The Java Heap base address is the
#     maximum limit for the native heap growth. Please use -XX:HeapBaseMinAddress
#     to set the Java Heap base and to place the Java Heap above 4GB virtual address.
# This output file may be truncated or incomplete.
#
#  Out of Memory Error (virtualSpaceNode.cpp:110), pid=37000, tid=37884
#
# JRE version: Java(TM) SE Runtime Environment (19.0.1+10) (build 19.0.1+10-21)
# Java VM: Java HotSpot(TM) 64-Bit Server VM (19.0.1+10-21, mixed mode, emulated-client, sharing, tiered, compressed oops, compressed class ptrs, g1 gc, windows-amd64)
# No core dump will be written. Minidumps are not enabled by default on client versions of Windows
#

---------------  S U M M A R Y ------------

Command Line: -XX:TieredStopAtLevel=1 -Dspring.output.ansi.enabled=always -Dcom.sun.management.jmxremote -Dspring.jmx.enabled=true -Dspring.liveBeansView.mbeanDomain -Dspring.application.admin.enabled=true -javaagent:C:\Program Files\JetBrains\IntelliJ IDEA 2022.2\lib\idea_rt.jar=59337:C:\Program Files\JetBrains\IntelliJ IDEA 2022.2\bin -Dfile.encoding=UTF-8 com.example.clientwebservice.ClientWebServiceApplication

Host: Intel(R) Core(TM) i5-1035G1 CPU @ 1.00GHz, 8 cores, 7G,  Windows 10 , 64 bit Build 19041 (10.0.19041.2913)
Time: Thu May 18 18:49:09 2023 Maroc (heure d64 bit Build 19041 (10.0.19041.2913) elapsed time: 3.964265 seconds (0d 0h 0m 3s)

---------------  T H R E A D  ---------------

Current thread (0x0000016c663f36a0):  VMThread "VM Thread" [stack: 0x00000034a7600000,0x00000034a7700000] [id=37884]

Stack: [0x00000034a7600000,0x00000034a7700000]
Native frames: (J=compiled Java code, j=interpreted, Vv=VM code, C=native code)
V  [jvm.dll+0x6ee8fa]
V  [jvm.dll+0x857a1e]
V  [jvm.dll+0x85940e]
V  [jvm.dll+0x859ac3]
V  [jvm.dll+0x28291f]
V  [jvm.dll+0x85369b]
V  [jvm.dll+0x693276]
V  [jvm.dll+0x1f29b7]
V  [jvm.dll+0x695cb2]
V  [jvm.dll+0x695a9e]
V  [jvm.dll+0x22d20a]
V  [jvm.dll+0x384b7f]
V  [jvm.dll+0x85ef83]
V  [jvm.dll+0x85fd49]
V  [jvm.dll+0x86027d]
V  [jvm.dll+0x86070b]
V  [jvm.dll+0x8607c7]
V  [jvm.dll+0x8015fa]
V  [jvm.dll+0x6ed5eb]
C  [ucrtbase.dll+0x21bb2]
C  [KERNEL32.DLL+0x17614]
C  [ntdll.dll+0x526a1]

VM_Operation (0x00000034a90fbc40): CollectForMetadataAllocation, mode: safepoint, requested by thread 0x0000016c6b336930


---------------  P R O C E S S  ---------------

Threads class SMR info:
_java_thread_list=0x0000016c6bca2200, length=19, elements={
0x0000016c53f223c0, 0x0000016c6640d650, 0x0000016c6640e240, 0x0000016c6640fa00,
0x0000016c664106e0, 0x0000016c66414120, 0x0000016c66416c90, 0x0000016c6641a190,
0x0000016c6641c710, 0x0000016c663e2c30, 0x0000016c6a8c5c70, 0x0000016c6a8c61f0,
0x0000016c6adf5bf0, 0x0000016c6adf6130, 0x0000016c6af1c0f0, 0x0000016c6b0c48c0,
0x0000016c6b0fabb0, 0x0000016c6b3363f0, 0x0000016c6b336930
}

Java Threads: ( => current thread )
  0x0000016c53f223c0 JavaThread "main" [_thread_blocked, id=29192, stack(0x00000034a7000000,0x00000034a7100000)]
  0x0000016c6640d650 JavaThread "Reference Handler" daemon [_thread_blocked, id=29256, stack(0x00000034a7700000,0x00000034a7800000)]
  0x0000016c6640e240 JavaThread "Finalizer" daemon [_thread_blocked, id=37180, stack(0x00000034a7800000,0x00000034a7900000)]
  0x0000016c6640fa00 JavaThread "Signal Dispatcher" daemon [_thread_blocked, id=19932, stack(0x00000034a7900000,0x00000034a7a00000)]
  0x0000016c664106e0 JavaThread "Attach Listener" daemon [_thread_blocked, id=10864, stack(0x00000034a7a00000,0x00000034a7b00000)]
  0x0000016c66414120 JavaThread "Service Thread" daemon [_thread_blocked, id=39984, stack(0x00000034a7b00000,0x00000034a7c00000)]
  0x0000016c66416c90 JavaThread "Monitor Deflation Thread" daemon [_thread_blocked, id=29876, stack(0x00000034a7c00000,0x00000034a7d00000)]
  0x0000016c6641a190 JavaThread "C1 CompilerThread0" daemon [_thread_blocked, id=29600, stack(0x00000034a7d00000,0x00000034a7e00000)]
  0x0000016c6641c710 JavaThread "Sweeper thread" daemon [_thread_blocked, id=28908, stack(0x00000034a7e00000,0x00000034a7f00000)]
  0x0000016c663e2c30 JavaThread "Common-Cleaner" daemon [_thread_blocked, id=19440, stack(0x00000034a7f00000,0x00000034a8000000)]
  0x0000016c6a8c5c70 JavaThread "C1 CompilerThread1" daemon [_thread_blocked, id=34384, stack(0x00000034a8000000,0x00000034a8100000)]
  0x0000016c6a8c61f0 JavaThread "C1 CompilerThread2" daemon [_thread_blocked, id=11064, stack(0x00000034a8100000,0x00000034a8200000)]
  0x0000016c6adf5bf0 JavaThread "Monitor Ctrl-Break" daemon [_thread_in_native, id=23636, stack(0x00000034a8200000,0x00000034a8300000)]
  0x0000016c6adf6130 JavaThread "Notification Thread" daemon [_thread_blocked, id=36668, stack(0x00000034a8300000,0x00000034a8400000)]
  0x0000016c6af1c0f0 JavaThread "RMI TCP Accept-0" daemon [_thread_in_native, id=11628, stack(0x00000034a8400000,0x00000034a8500000)]
  0x0000016c6b0c48c0 JavaThread "RMI TCP Connection(1)-192.168.56.1" daemon [_thread_in_native, id=1936, stack(0x00000034a8600000,0x00000034a8700000)]
  0x0000016c6b0fabb0 JavaThread "RMI Scheduler(0)" daemon [_thread_blocked, id=31660, stack(0x00000034a8700000,0x00000034a8800000)]
  0x0000016c6b3363f0 JavaThread "Thread-0" [_thread_blocked, id=39144, stack(0x00000034a8f00000,0x00000034a9000000)]
  0x0000016c6b336930 JavaThread "restartedMain" [_thread_blocked, id=34188, stack(0x00000034a9000000,0x00000034a9100000)]

Other Threads:
=>0x0000016c663f36a0 VMThread "VM Thread" [stack: 0x00000034a7600000,0x00000034a7700000] [id=37884]
  0x0000016c6af3b590 WatcherThread "VM Periodic Task Thread" [stack: 0x00000034a8500000,0x00000034a8600000] [id=23432]
  0x0000016c53f7fd70 WorkerThread "GC Thread#0" [stack: 0x00000034a7100000,0x00000034a7200000] [id=39212]
  0x0000016c6b2d6e40 WorkerThread "GC Thread#1" [stack: 0x00000034a8800000,0x00000034a8900000] [id=33696]
  0x0000016c6b2ef940 WorkerThread "GC Thread#2" [stack: 0x00000034a8900000,0x00000034a8a00000] [id=20028]
  0x0000016c6b2efc10 WorkerThread "GC Thread#3" [stack: 0x00000034a8a00000,0x00000034a8b00000] [id=34468]
  0x0000016c6b2efee0 WorkerThread "GC Thread#4" [stack: 0x00000034a8b00000,0x00000034a8c00000] [id=25052]
  0x0000016c6b2f07a0 WorkerThread "GC Thread#5" [stack: 0x00000034a8c00000,0x00000034a8d00000] [id=2140]
  0x0000016c6b2f12e0 WorkerThread "GC Thread#6" [stack: 0x00000034a8d00000,0x00000034a8e00000] [id=21980]
  0x0000016c6b2f1010 WorkerThread "GC Thread#7" [stack: 0x00000034a8e00000,0x00000034a8f00000] [id=33160]
  0x0000016c53f90670 ConcurrentGCThread "G1 Main Marker" [stack: 0x00000034a7200000,0x00000034a7300000] [id=37632]
  0x0000016c53f91840 WorkerThread "G1 Conc#0" [stack: 0x00000034a7300000,0x00000034a7400000] [id=33460]
  0x0000016c6b2f1880 WorkerThread "G1 Conc#1" [stack: 0x00000034a9100000,0x00000034a9200000] [id=1708]
  0x0000016c662a9d50 ConcurrentGCThread "G1 Refine#0" [stack: 0x00000034a7400000,0x00000034a7500000] [id=20416]
  0x0000016c662aa890 ConcurrentGCThread "G1 Service" [stack: 0x00000034a7500000,0x00000034a7600000] [id=24600]

Threads with active compile tasks:

VM state: at safepoint (normal execution)

VM Mutex/Monitor currently owned by a thread:  ([mutex/lock_event])
[0x0000016c53f1a430] Metaspace_lock - owner thread: 0x0000016c663f36a0
[0x0000016c53f1ce50] Threads_lock - owner thread: 0x0000016c663f36a0
[0x0000016c53f1c5e0] Heap_lock - owner thread: 0x0000016c6b336930

Heap address: 0x0000000084000000, size: 1984 MB, Compressed Oops mode: 32-bit

CDS archive(s) mapped at: [0x0000000800000000-0x0000000800c40000-0x0000000800c40000), size 12845056, SharedBaseAddress: 0x0000000800000000, ArchiveRelocationMode: 0.
Compressed class space mapped at: 0x0000000801000000-0x0000000841000000, reserved size: 1073741824
Narrow klass base: 0x0000000800000000, Narrow klass shift: 0, Narrow klass range: 0x100000000

GC Precious Log:
 CardTable entry size: 512
 Card Set container configuration: InlinePtr #cards 5 size 8 Array Of Cards #cards 12 size 40 Howl #buckets 4 coarsen threshold 1843 Howl Bitmap #cards 512 size 80 coarsen threshold 460 Card regions per heap region 1 cards per card region 2048
 CPUs: 8 total, 8 available
 Memory: 7930M
 Large Page Support: Disabled
 NUMA Support: Disabled
 Compressed Oops: Enabled (32-bit)
 Heap Region Size: 1M
 Heap Min Capacity: 8M
 Heap Initial Capacity: 124M
 Heap Max Capacity: 1984M
 Pre-touch: Disabled
 Parallel Workers: 8
 Concurrent Workers: 2
 Concurrent Refinement Workers: 8
 Periodic GC: Disabled

Heap:
 garbage-first heap   total 126976K, used 14119K [0x0000000084000000, 0x0000000100000000)
  region size 1024K, 6 young (6144K), 6 survivors (6144K)
 Metaspace       used 21103K, committed 21504K, reserved 1114112K
  class space    used 2742K, committed 2944K, reserved 1048576K

Heap Regions: E=young(eden), S=young(survivor), O=old, HS=humongous(starts), HC=humongous(continues), CS=collection set, F=free, OA=open archive, CA=closed archive, TAMS=top-at-mark-start (previous, next)
|   0|0x0000000084000000, 0x0000000084100000, 0x0000000084100000|100%|HS|  |TAMS 0x0000000084000000, 0x0000000084100000| Complete 
|   1|0x0000000084100000, 0x0000000084200000, 0x0000000084200000|100%| O|  |TAMS 0x0000000084100000, 0x0000000084200000| Untracked 
|   2|0x0000000084200000, 0x0000000084300000, 0x0000000084300000|100%| O|  |TAMS 0x0000000084200000, 0x0000000084300000| Untracked 
|   3|0x0000000084300000, 0x0000000084400000, 0x0000000084400000|100%| O|  |TAMS 0x0000000084300000, 0x0000000084400000| Untracked 
|   4|0x0000000084400000, 0x0000000084500000, 0x0000000084500000|100%| O|  |TAMS 0x0000000084400000, 0x0000000084500000| Untracked 
|   5|0x0000000084500000, 0x0000000084600000, 0x0000000084600000|100%| O|  |TAMS 0x0000000084500000, 0x0000000084600000| Untracked 
|   6|0x0000000084600000, 0x0000000084700000, 0x0000000084700000|100%| O|  |TAMS 0x0000000084600000, 0x0000000084700000| Untracked 
|   7|0x0000000084700000, 0x0000000084800000, 0x0000000084800000|100%| O|  |TAMS 0x0000000084700000, 0x0000000084800000| Untracked 
|   8|0x0000000084800000, 0x0000000084814a00, 0x0000000084900000|  8%| O|  |TAMS 0x0000000084800000, 0x0000000084814a00| Untracked 
|   9|0x0000000084900000, 0x0000000084900000, 0x0000000084a00000|  0%| F|  |TAMS 0x0000000084900000, 0x0000000084900000| Untracked 
|  10|0x0000000084a00000, 0x0000000084a00000, 0x0000000084b00000|  0%| F|  |TAMS 0x0000000084a00000, 0x0000000084a00000| Untracked 
|  11|0x0000000084b00000, 0x0000000084b00000, 0x0000000084c00000|  0%| F|  |TAMS 0x0000000084b00000, 0x0000000084b00000| Untracked 
|  12|0x0000000084c00000, 0x0000000084c00000, 0x0000000084d00000|  0%| F|  |TAMS 0x0000000084c00000, 0x0000000084c00000| Untracked 
|  13|0x0000000084d00000, 0x0000000084d00000, 0x0000000084e00000|  0%| F|  |TAMS 0x0000000084d00000, 0x0000000084d00000| Untracked 
|  14|0x0000000084e00000, 0x0000000084e00000, 0x0000000084f00000|  0%| F|  |TAMS 0x0000000084e00000, 0x0000000084e00000| Untracked 
|  15|0x0000000084f00000, 0x0000000084f00000, 0x0000000085000000|  0%| F|  |TAMS 0x0000000084f00000, 0x0000000084f00000| Untracked 
|  16|0x0000000085000000, 0x0000000085000000, 0x0000000085100000|  0%| F|  |TAMS 0x0000000085000000, 0x0000000085000000| Untracked 
|  17|0x0000000085100000, 0x0000000085100000, 0x0000000085200000|  0%| F|  |TAMS 0x0000000085100000, 0x0000000085100000| Untracked 
|  18|0x0000000085200000, 0x0000000085200000, 0x0000000085300000|  0%| F|  |TAMS 0x0000000085200000, 0x0000000085200000| Untracked 
|  19|0x0000000085300000, 0x0000000085300000, 0x0000000085400000|  0%| F|  |TAMS 0x0000000085300000, 0x0000000085300000| Untracked 
|  20|0x0000000085400000, 0x0000000085400000, 0x0000000085500000|  0%| F|  |TAMS 0x0000000085400000, 0x0000000085400000| Untracked 
|  21|0x0000000085500000, 0x0000000085500000, 0x0000000085600000|  0%| F|  |TAMS 0x0000000085500000, 0x0000000085500000| Untracked 
|  22|0x0000000085600000, 0x0000000085600000, 0x0000000085700000|  0%| F|  |TAMS 0x0000000085600000, 0x0000000085600000| Untracked 
|  23|0x0000000085700000, 0x0000000085700000, 0x0000000085800000|  0%| F|  |TAMS 0x0000000085700000, 0x0000000085700000| Untracked 
|  24|0x0000000085800000, 0x0000000085800000, 0x0000000085900000|  0%| F|  |TAMS 0x0000000085800000, 0x0000000085800000| Untracked 
|  25|0x0000000085900000, 0x0000000085900000, 0x0000000085a00000|  0%| F|  |TAMS 0x0000000085900000, 0x0000000085900000| Untracked 
|  26|0x0000000085a00000, 0x0000000085a00000, 0x0000000085b00000|  0%| F|  |TAMS 0x0000000085a00000, 0x0000000085a00000| Untracked 
|  27|0x0000000085b00000, 0x0000000085b00000, 0x0000000085c00000|  0%| F|  |TAMS 0x0000000085b00000, 0x0000000085b00000| Untracked 
|  28|0x0000000085c00000, 0x0000000085c00000, 0x0000000085d00000|  0%| F|  |TAMS 0x0000000085c00000, 0x0000000085c00000| Untracked 
|  29|0x0000000085d00000, 0x0000000085d00000, 0x0000000085e00000|  0%| F|  |TAMS 0x0000000085d00000, 0x0000000085d00000| Untracked 
|  30|0x0000000085e00000, 0x0000000085e00000, 0x0000000085f00000|  0%| F|  |TAMS 0x0000000085e00000, 0x0000000085e00000| Untracked 
|  31|0x0000000085f00000, 0x0000000085f00000, 0x0000000086000000|  0%| F|  |TAMS 0x0000000085f00000, 0x0000000085f00000| Untracked 
|  32|0x0000000086000000, 0x0000000086000000, 0x0000000086100000|  0%| F|  |TAMS 0x0000000086000000, 0x0000000086000000| Untracked 
|  33|0x0000000086100000, 0x0000000086100000, 0x0000000086200000|  0%| F|  |TAMS 0x0000000086100000, 0x0000000086100000| Untracked 
|  34|0x0000000086200000, 0x0000000086200000, 0x0000000086300000|  0%| F|  |TAMS 0x0000000086200000, 0x0000000086200000| Untracked 
|  35|0x0000000086300000, 0x0000000086300000, 0x0000000086400000|  0%| F|  |TAMS 0x0000000086300000, 0x0000000086300000| Untracked 
|  36|0x0000000086400000, 0x0000000086400000, 0x0000000086500000|  0%| F|  |TAMS 0x0000000086400000, 0x0000000086400000| Untracked 
|  37|0x0000000086500000, 0x0000000086500000, 0x0000000086600000|  0%| F|  |TAMS 0x0000000086500000, 0x0000000086500000| Untracked 
|  38|0x0000000086600000, 0x0000000086600000, 0x0000000086700000|  0%| F|  |TAMS 0x0000000086600000, 0x0000000086600000| Untracked 
|  39|0x0000000086700000, 0x0000000086700000, 0x0000000086800000|  0%| F|  |TAMS 0x0000000086700000, 0x0000000086700000| Untracked 
|  40|0x0000000086800000, 0x0000000086800000, 0x0000000086900000|  0%| F|  |TAMS 0x0000000086800000, 0x0000000086800000| Untracked 
|  41|0x0000000086900000, 0x0000000086900000, 0x0000000086a00000|  0%| F|  |TAMS 0x0000000086900000, 0x0000000086900000| Untracked 
|  42|0x0000000086a00000, 0x0000000086a00000, 0x0000000086b00000|  0%| F|  |TAMS 0x0000000086a00000, 0x0000000086a00000| Untracked 
|  43|0x0000000086b00000, 0x0000000086b00000, 0x0000000086c00000|  0%| F|  |TAMS 0x0000000086b00000, 0x0000000086b00000| Untracked 
|  44|0x0000000086c00000, 0x0000000086c00000, 0x0000000086d00000|  0%| F|  |TAMS 0x0000000086c00000, 0x0000000086c00000| Untracked 
|  45|0x0000000086d00000, 0x0000000086d00000, 0x0000000086e00000|  0%| F|  |TAMS 0x0000000086d00000, 0x0000000086d00000| Untracked 
|  46|0x0000000086e00000, 0x0000000086e00000, 0x0000000086f00000|  0%| F|  |TAMS 0x0000000086e00000, 0x0000000086e00000| Untracked 
|  47|0x0000000086f00000, 0x0000000086f00000, 0x0000000087000000|  0%| F|  |TAMS 0x0000000086f00000, 0x0000000086f00000| Untracked 
|  48|0x0000000087000000, 0x0000000087000000, 0x0000000087100000|  0%| F|  |TAMS 0x0000000087000000, 0x0000000087000000| Untracked 
|  49|0x0000000087100000, 0x0000000087100000, 0x0000000087200000|  0%| F|  |TAMS 0x0000000087100000, 0x0000000087100000| Untracked 
|  50|0x0000000087200000, 0x0000000087200000, 0x0000000087300000|  0%| F|  |TAMS 0x0000000087200000, 0x0000000087200000| Untracked 
|  51|0x0000000087300000, 0x0000000087300000, 0x0000000087400000|  0%| F|  |TAMS 0x0000000087300000, 0x0000000087300000| Untracked 
|  52|0x0000000087400000, 0x0000000087400000, 0x0000000087500000|  0%| F|  |TAMS 0x0000000087400000, 0x0000000087400000| Untracked 
|  53|0x0000000087500000, 0x0000000087500000, 0x0000000087600000|  0%| F|  |TAMS 0x0000000087500000, 0x0000000087500000| Untracked 
|  54|0x0000000087600000, 0x0000000087600000, 0x0000000087700000|  0%| F|  |TAMS 0x0000000087600000, 0x0000000087600000| Untracked 
|  55|0x0000000087700000, 0x0000000087700000, 0x0000000087800000|  0%| F|  |TAMS 0x0000000087700000, 0x0000000087700000| Untracked 
|  56|0x0000000087800000, 0x0000000087800000, 0x0000000087900000|  0%| F|  |TAMS 0x0000000087800000, 0x0000000087800000| Untracked 
|  57|0x0000000087900000, 0x0000000087900000, 0x0000000087a00000|  0%| F|  |TAMS 0x0000000087900000, 0x0000000087900000| Untracked 
|  58|0x0000000087a00000, 0x0000000087ab5270, 0x0000000087b00000| 70%| S|CS|TAMS 0x0000000087a00000, 0x0000000087a00000| Complete 
|  59|0x0000000087b00000, 0x0000000087c00000, 0x0000000087c00000|100%| S|CS|TAMS 0x0000000087b00000, 0x0000000087b00000| Complete 
|  60|0x0000000087c00000, 0x0000000087d00000, 0x0000000087d00000|100%| S|CS|TAMS 0x0000000087c00000, 0x0000000087c00000| Complete 
|  61|0x0000000087d00000, 0x0000000087e00000, 0x0000000087e00000|100%| S|CS|TAMS 0x0000000087d00000, 0x0000000087d00000| Complete 
|  62|0x0000000087e00000, 0x0000000087f00000, 0x0000000087f00000|100%| S|CS|TAMS 0x0000000087e00000, 0x0000000087e00000| Complete 
|  63|0x0000000087f00000, 0x0000000088000000, 0x0000000088000000|100%| S|CS|TAMS 0x0000000087f00000, 0x0000000087f00000| Complete 
|  64|0x0000000088000000, 0x0000000088000000, 0x0000000088100000|  0%| F|  |TAMS 0x0000000088000000, 0x0000000088000000| Untracked 
|  65|0x0000000088100000, 0x0000000088100000, 0x0000000088200000|  0%| F|  |TAMS 0x0000000088100000, 0x0000000088100000| Untracked 
|  66|0x0000000088200000, 0x0000000088200000, 0x0000000088300000|  0%| F|  |TAMS 0x0000000088200000, 0x0000000088200000| Untracked 
|  67|0x0000000088300000, 0x0000000088300000, 0x0000000088400000|  0%| F|  |TAMS 0x0000000088300000, 0x0000000088300000| Untracked 
|  68|0x0000000088400000, 0x0000000088400000, 0x0000000088500000|  0%| F|  |TAMS 0x0000000088400000, 0x0000000088400000| Untracked 
|  69|0x0000000088500000, 0x0000000088500000, 0x0000000088600000|  0%| F|  |TAMS 0x0000000088500000, 0x0000000088500000| Untracked 
|  70|0x0000000088600000, 0x0000000088600000, 0x0000000088700000|  0%| F|  |TAMS 0x0000000088600000, 0x0000000088600000| Untracked 
|  71|0x0000000088700000, 0x0000000088700000, 0x0000000088800000|  0%| F|  |TAMS 0x0000000088700000, 0x0000000088700000| Untracked 
|  72|0x0000000088800000, 0x0000000088800000, 0x0000000088900000|  0%| F|  |TAMS 0x0000000088800000, 0x0000000088800000| Untracked 
|  73|0x0000000088900000, 0x0000000088900000, 0x0000000088a00000|  0%| F|  |TAMS 0x0000000088900000, 0x0000000088900000| Untracked 
|  74|0x0000000088a00000, 0x0000000088a00000, 0x0000000088b00000|  0%| F|  |TAMS 0x0000000088a00000, 0x0000000088a00000| Untracked 
|  75|0x0000000088b00000, 0x0000000088b00000, 0x0000000088c00000|  0%| F|  |TAMS 0x0000000088b00000, 0x0000000088b00000| Untracked 
|  76|0x0000000088c00000, 0x0000000088c00000, 0x0000000088d00000|  0%| F|  |TAMS 0x0000000088c00000, 0x0000000088c00000| Untracked 
|  77|0x0000000088d00000, 0x0000000088d00000, 0x0000000088e00000|  0%| F|  |TAMS 0x0000000088d00000, 0x0000000088d00000| Untracked 
|  78|0x0000000088e00000, 0x0000000088e00000, 0x0000000088f00000|  0%| F|  |TAMS 0x0000000088e00000, 0x0000000088e00000| Untracked 
|  79|0x0000000088f00000, 0x0000000088f00000, 0x0000000089000000|  0%| F|  |TAMS 0x0000000088f00000, 0x0000000088f00000| Untracked 
|  80|0x0000000089000000, 0x0000000089000000, 0x0000000089100000|  0%| F|  |TAMS 0x0000000089000000, 0x0000000089000000| Untracked 
|  81|0x0000000089100000, 0x0000000089100000, 0x0000000089200000|  0%| F|  |TAMS 0x0000000089100000, 0x0000000089100000| Untracked 
|  82|0x0000000089200000, 0x0000000089200000, 0x0000000089300000|  0%| F|  |TAMS 0x0000000089200000, 0x0000000089200000| Untracked 
|  83|0x0000000089300000, 0x0000000089300000, 0x0000000089400000|  0%| F|  |TAMS 0x0000000089300000, 0x0000000089300000| Untracked 
|  84|0x0000000089400000, 0x0000000089400000, 0x0000000089500000|  0%| F|  |TAMS 0x0000000089400000, 0x0000000089400000| Untracked 
|  85|0x0000000089500000, 0x0000000089500000, 0x0000000089600000|  0%| F|  |TAMS 0x0000000089500000, 0x0000000089500000| Untracked 
|  86|0x0000000089600000, 0x0000000089600000, 0x0000000089700000|  0%| F|  |TAMS 0x0000000089600000, 0x0000000089600000| Untracked 
|  87|0x0000000089700000, 0x0000000089700000, 0x0000000089800000|  0%| F|  |TAMS 0x0000000089700000, 0x0000000089700000| Untracked 
|  88|0x0000000089800000, 0x0000000089800000, 0x0000000089900000|  0%| F|  |TAMS 0x0000000089800000, 0x0000000089800000| Untracked 
|  89|0x0000000089900000, 0x0000000089900000, 0x0000000089a00000|  0%| F|  |TAMS 0x0000000089900000, 0x0000000089900000| Untracked 
|  90|0x0000000089a00000, 0x0000000089a00000, 0x0000000089b00000|  0%| F|  |TAMS 0x0000000089a00000, 0x0000000089a00000| Untracked 
|  91|0x0000000089b00000, 0x0000000089b00000, 0x0000000089c00000|  0%| F|  |TAMS 0x0000000089b00000, 0x0000000089b00000| Untracked 
|  92|0x0000000089c00000, 0x0000000089c00000, 0x0000000089d00000|  0%| F|  |TAMS 0x0000000089c00000, 0x0000000089c00000| Untracked 
|  93|0x0000000089d00000, 0x0000000089d00000, 0x0000000089e00000|  0%| F|  |TAMS 0x0000000089d00000, 0x0000000089d00000| Untracked 
|  94|0x0000000089e00000, 0x0000000089e00000, 0x0000000089f00000|  0%| F|  |TAMS 0x0000000089e00000, 0x0000000089e00000| Untracked 
|  95|0x0000000089f00000, 0x0000000089f00000, 0x000000008a000000|  0%| F|  |TAMS 0x0000000089f00000, 0x0000000089f00000| Untracked 
|  96|0x000000008a000000, 0x000000008a000000, 0x000000008a100000|  0%| F|  |TAMS 0x000000008a000000, 0x000000008a000000| Untracked 
|  97|0x000000008a100000, 0x000000008a100000, 0x000000008a200000|  0%| F|  |TAMS 0x000000008a100000, 0x000000008a100000| Untracked 
|  98|0x000000008a200000, 0x000000008a200000, 0x000000008a300000|  0%| F|  |TAMS 0x000000008a200000, 0x000000008a200000| Untracked 
|  99|0x000000008a300000, 0x000000008a300000, 0x000000008a400000|  0%| F|  |TAMS 0x000000008a300000, 0x000000008a300000| Untracked 
| 100|0x000000008a400000, 0x000000008a400000, 0x000000008a500000|  0%| F|  |TAMS 0x000000008a400000, 0x000000008a400000| Untracked 
| 101|0x000000008a500000, 0x000000008a500000, 0x000000008a600000|  0%| F|  |TAMS 0x000000008a500000, 0x000000008a500000| Untracked 
| 102|0x000000008a600000, 0x000000008a600000, 0x000000008a700000|  0%| F|  |TAMS 0x000000008a600000, 0x000000008a600000| Untracked 
| 103|0x000000008a700000, 0x000000008a700000, 0x000000008a800000|  0%| F|  |TAMS 0x000000008a700000, 0x000000008a700000| Untracked 
| 104|0x000000008a800000, 0x000000008a800000, 0x000000008a900000|  0%| F|  |TAMS 0x000000008a800000, 0x000000008a800000| Untracked 
| 105|0x000000008a900000, 0x000000008a900000, 0x000000008aa00000|  0%| F|  |TAMS 0x000000008a900000, 0x000000008a900000| Untracked 
| 106|0x000000008aa00000, 0x000000008aa00000, 0x000000008ab00000|  0%| F|  |TAMS 0x000000008aa00000, 0x000000008aa00000| Untracked 
| 107|0x000000008ab00000, 0x000000008ab00000, 0x000000008ac00000|  0%| F|  |TAMS 0x000000008ab00000, 0x000000008ab00000| Untracked 
| 108|0x000000008ac00000, 0x000000008ac00000, 0x000000008ad00000|  0%| F|  |TAMS 0x000000008ac00000, 0x000000008ac00000| Untracked 
| 109|0x000000008ad00000, 0x000000008ad00000, 0x000000008ae00000|  0%| F|  |TAMS 0x000000008ad00000, 0x000000008ad00000| Untracked 
| 110|0x000000008ae00000, 0x000000008ae00000, 0x000000008af00000|  0%| F|  |TAMS 0x000000008ae00000, 0x000000008ae00000| Untracked 
| 111|0x000000008af00000, 0x000000008af00000, 0x000000008b000000|  0%| F|  |TAMS 0x000000008af00000, 0x000000008af00000| Untracked 
| 112|0x000000008b000000, 0x000000008b000000, 0x000000008b100000|  0%| F|  |TAMS 0x000000008b000000, 0x000000008b000000| Untracked 
| 113|0x000000008b100000, 0x000000008b100000, 0x000000008b200000|  0%| F|  |TAMS 0x000000008b100000, 0x000000008b100000| Untracked 
| 114|0x000000008b200000, 0x000000008b200000, 0x000000008b300000|  0%| F|  |TAMS 0x000000008b200000, 0x000000008b200000| Untracked 
| 115|0x000000008b300000, 0x000000008b300000, 0x000000008b400000|  0%| F|  |TAMS 0x000000008b300000, 0x000000008b300000| Untracked 
| 116|0x000000008b400000, 0x000000008b400000, 0x000000008b500000|  0%| F|  |TAMS 0x000000008b400000, 0x000000008b400000| Untracked 
| 117|0x000000008b500000, 0x000000008b500000, 0x000000008b600000|  0%| F|  |TAMS 0x000000008b500000, 0x000000008b500000| Untracked 
| 118|0x000000008b600000, 0x000000008b600000, 0x000000008b700000|  0%| F|  |TAMS 0x000000008b600000, 0x000000008b600000| Untracked 
| 119|0x000000008b700000, 0x000000008b700000, 0x000000008b800000|  0%| F|  |TAMS 0x000000008b700000, 0x000000008b700000| Untracked 
| 120|0x000000008b800000, 0x000000008b800000, 0x000000008b900000|  0%| F|  |TAMS 0x000000008b800000, 0x000000008b800000| Untracked 
| 121|0x000000008b900000, 0x000000008b900000, 0x000000008ba00000|  0%| F|  |TAMS 0x000000008b900000, 0x000000008b900000| Untracked 
| 122|0x000000008ba00000, 0x000000008ba00000, 0x000000008bb00000|  0%| F|  |TAMS 0x000000008ba00000, 0x000000008ba00000| Untracked 
| 123|0x000000008bb00000, 0x000000008bb00000, 0x000000008bc00000|  0%| F|  |TAMS 0x000000008bb00000, 0x000000008bb00000| Untracked 

Card table byte_map: [0x0000016c5f380000,0x0000016c5f760000] _byte_map_base: 0x0000016c5ef60000

Marking Bits (Prev, Next): (CMBitMap*) 0x0000016c53f803a0, (CMBitMap*) 0x0000016c53f803e0
 Prev Bits: [0x0000016c5fb40000, 0x0000016c61a40000)
 Next Bits: [0x0000016c61a40000, 0x0000016c63940000)

Polling page: 0x0000016c51f10000

Metaspace:

Usage:
  Non-class:     17.93 MB used.
      Class:      2.68 MB used.
       Both:     20.61 MB used.

Virtual space:
  Non-class space:       64.00 MB reserved,      18.12 MB ( 28%) committed,  1 nodes.
      Class space:        1.00 GB reserved,       2.88 MB ( <1%) committed,  1 nodes.
             Both:        1.06 GB reserved,      21.00 MB (  2%) committed. 

Chunk freelists:
   Non-Class:  1.17 MB
       Class:  1.09 MB
        Both:  2.27 MB

MaxMetaspaceSize: unlimited
CompressedClassSpaceSize: 1.00 GB
Initial GC threshold: 21.00 MB
Current GC threshold: 21.31 MB
CDS: on
MetaspaceReclaimPolicy: balanced
 - commit_granule_bytes: 65536.
 - commit_granule_words: 8192.
 - virtual_space_node_default_size: 8388608.
 - enlarge_chunks_in_place: 1.
 - new_chunks_are_fully_committed: 0.
 - uncommit_free_chunks: 1.
 - use_allocation_guard: 0.


Internal statistics:

num_allocs_failed_limit: 3.
num_arena_births: 440.
num_arena_deaths: 0.
num_vsnodes_births: 2.
num_vsnodes_deaths: 0.
num_space_committed: 336.
num_space_uncommitted: 0.
num_chunks_returned_to_freelist: 3.
num_chunks_taken_from_freelist: 1065.
num_chunk_merges: 3.
num_chunk_splits: 737.
num_chunks_enlarged: 545.
num_inconsistent_stats: 0.

CodeCache: size=49152Kb used=7456Kb max_used=7456Kb free=41695Kb
 bounds [0x0000016c5be80000, 0x0000016c5c5d0000, 0x0000016c5ee80000]
 total_blobs=3809 nmethods=3303 adapters=428
 compilation: enabled
              stopped_count=0, restarted_count=0
 full_count=0

Compilation events (20 events):
Event: 3.929 Thread 0x0000016c6a8c61f0 nmethod 3291 0x0000016c5c5c5290 code [0x0000016c5c5c54a0, 0x0000016c5c5c5738]
Event: 3.929 Thread 0x0000016c6641a190 nmethod 3292 0x0000016c5c5c5910 code [0x0000016c5c5c5b00, 0x0000016c5c5c5e98]
Event: 3.934 Thread 0x0000016c6a8c61f0 3295       1       java.util.Collections::addAll (43 bytes)
Event: 3.935 Thread 0x0000016c6a8c61f0 nmethod 3295 0x0000016c5c5c6210 code [0x0000016c5c5c63c0, 0x0000016c5c5c6508]
Event: 3.938 Thread 0x0000016c6641a190 3296       1       org.springframework.core.annotation.AttributeMethods::assertAnnotation (22 bytes)
Event: 3.939 Thread 0x0000016c6641a190 nmethod 3296 0x0000016c5c5c6610 code [0x0000016c5c5c67e0, 0x0000016c5c5c6a68]
Event: 3.940 Thread 0x0000016c6a8c5c70 3297   !   1       jdk.proxy2.$Proxy36::annotationType (29 bytes)
Event: 3.941 Thread 0x0000016c6a8c5c70 nmethod 3297 0x0000016c5c5c6c10 code [0x0000016c5c5c6dc0, 0x0000016c5c5c6fd8]
Event: 3.948 Thread 0x0000016c6a8c61f0 3298       1       org.springframework.beans.factory.support.RootBeanDefinition::getParentName (2 bytes)
Event: 3.948 Thread 0x0000016c6641a190 3299       1       org.springframework.beans.factory.support.AbstractBeanDefinition::setDependencyCheck (6 bytes)
Event: 3.948 Thread 0x0000016c6a8c5c70 3300       1       org.springframework.beans.factory.support.AbstractBeanDefinition::setEnforceInitMethod (6 bytes)
Event: 3.948 Thread 0x0000016c6a8c61f0 nmethod 3298 0x0000016c5c5c7110 code [0x0000016c5c5c72a0, 0x0000016c5c5c7378]
Event: 3.948 Thread 0x0000016c6641a190 nmethod 3299 0x0000016c5c5c7410 code [0x0000016c5c5c75a0, 0x0000016c5c5c7658]
Event: 3.948 Thread 0x0000016c6a8c61f0 3301       1       org.springframework.beans.factory.support.AbstractBeanDefinition::setEnforceDestroyMethod (6 bytes)
Event: 3.948 Thread 0x0000016c6a8c5c70 nmethod 3300 0x0000016c5c5c7710 code [0x0000016c5c5c78a0, 0x0000016c5c5c7978]
Event: 3.948 Thread 0x0000016c6a8c61f0 nmethod 3301 0x0000016c5c5c7a10 code [0x0000016c5c5c7ba0, 0x0000016c5c5c7c78]
Event: 3.950 Thread 0x0000016c6a8c5c70 3302       1       org.springframework.beans.factory.support.DefaultListableBeanFactory::isConfigurationFrozen (5 bytes)
Event: 3.950 Thread 0x0000016c6a8c5c70 nmethod 3302 0x0000016c5c5c7d10 code [0x0000016c5c5c7ea0, 0x0000016c5c5c7f78]
Event: 3.951 Thread 0x0000016c6a8c5c70 3303       1       org.springframework.beans.factory.support.AbstractBeanDefinition::setRole (6 bytes)
Event: 3.951 Thread 0x0000016c6a8c5c70 nmethod 3303 0x0000016c5c5c8010 code [0x0000016c5c5c81a0, 0x0000016c5c5c8258]

GC Heap History (6 events):
Event: 1.610 GC heap before
{Heap before GC invocations=0 (full 0):
 garbage-first heap   total 126976K, used 24576K [0x0000000084000000, 0x0000000100000000)
  region size 1024K, 23 young (23552K), 0 survivors (0K)
 Metaspace       used 7438K, committed 7680K, reserved 1114112K
  class space    used 882K, committed 1024K, reserved 1048576K
}
Event: 1.624 GC heap after
{Heap after GC invocations=1 (full 0):
 garbage-first heap   total 126976K, used 7979K [0x0000000084000000, 0x0000000100000000)
  region size 1024K, 3 young (3072K), 3 survivors (3072K)
 Metaspace       used 7438K, committed 7680K, reserved 1114112K
  class space    used 882K, committed 1024K, reserved 1048576K
}
Event: 2.506 GC heap before
{Heap before GC invocations=1 (full 0):
 garbage-first heap   total 126976K, used 33579K [0x0000000084000000, 0x0000000100000000)
  region size 1024K, 29 young (29696K), 3 survivors (3072K)
 Metaspace       used 12514K, committed 12864K, reserved 1114112K
  class space    used 1646K, committed 1792K, reserved 1048576K
}
Event: 2.510 GC heap after
{Heap after GC invocations=2 (full 0):
 garbage-first heap   total 126976K, used 10322K [0x0000000084000000, 0x0000000100000000)
  region size 1024K, 2 young (2048K), 2 survivors (2048K)
 Metaspace       used 12514K, committed 12864K, reserved 1114112K
  class space    used 1646K, committed 1792K, reserved 1048576K
}
Event: 3.952 GC heap before
{Heap before GC invocations=2 (full 0):
 garbage-first heap   total 126976K, used 67666K [0x0000000084000000, 0x0000000100000000)
  region size 1024K, 60 young (61440K), 2 survivors (2048K)
 Metaspace       used 21103K, committed 21504K, reserved 1114112K
  class space    used 2742K, committed 2944K, reserved 1048576K
}
Event: 3.960 GC heap after
{Heap after GC invocations=3 (full 0):
 garbage-first heap   total 126976K, used 14119K [0x0000000084000000, 0x0000000100000000)
  region size 1024K, 6 young (6144K), 6 survivors (6144K)
 Metaspace       used 21103K, committed 21504K, reserved 1114112K
  class space    used 2742K, committed 2944K, reserved 1048576K
}

Dll operation events (13 events):
Event: 0.025 Loaded shared library C:\Program Files\Java\jdk-19\bin\java.dll
Event: 0.042 Loaded shared library C:\Program Files\Java\jdk-19\bin\jsvml.dll
Event: 0.223 Loaded shared library C:\Program Files\Java\jdk-19\bin\zip.dll
Event: 0.229 Loaded shared library C:\Program Files\Java\jdk-19\bin\instrument.dll
Event: 0.237 Loaded shared library C:\Program Files\Java\jdk-19\bin\net.dll
Event: 0.241 Loaded shared library C:\Program Files\Java\jdk-19\bin\nio.dll
Event: 0.245 Loaded shared library C:\Program Files\Java\jdk-19\bin\zip.dll
Event: 0.453 Loaded shared library C:\Program Files\JetBrains\IntelliJ IDEA 2022.2\bin\breakgen64.dll
Event: 0.463 Loaded shared library C:\Program Files\Java\jdk-19\bin\jimage.dll
Event: 0.470 Loaded shared library C:\Program Files\Java\jdk-19\bin\extnet.dll
Event: 0.499 Loaded shared library C:\Program Files\Java\jdk-19\bin\management.dll
Event: 0.521 Loaded shared library C:\Program Files\Java\jdk-19\bin\management_ext.dll
Event: 2.585 Loaded shared library C:\Program Files\Java\jdk-19\bin\verify.dll

Deoptimization events (6 events):
Event: 0.696 Thread 0x0000016c53f223c0 DEOPT PACKING pc=0x0000016c5c1be755 sp=0x00000034a70fd3a0
Event: 0.696 Thread 0x0000016c53f223c0 DEOPT UNPACKING pc=0x0000016c5beeb0e3 sp=0x00000034a70fc850 mode 3
Event: 0.724 Thread 0x0000016c53f223c0 DEOPT PACKING pc=0x0000016c5c1d6950 sp=0x00000034a70fd370
Event: 0.724 Thread 0x0000016c53f223c0 DEOPT UNPACKING pc=0x0000016c5beeb0e3 sp=0x00000034a70fc828 mode 3
Event: 2.675 Thread 0x0000016c6b336930 DEOPT PACKING pc=0x0000016c5c430b39 sp=0x00000034a90fcfd0
Event: 2.675 Thread 0x0000016c6b336930 DEOPT UNPACKING pc=0x0000016c5beeb0e3 sp=0x00000034a90fc4b0 mode 3

Classes loaded (20 events):
Event: 2.838 Loading class java/nio/file/FileTreeWalker$EventType
Event: 2.838 Loading class java/nio/file/FileTreeWalker$EventType done
Event: 2.840 Loading class java/util/stream/SortedOps$RefSortingSink
Event: 2.840 Loading class java/util/stream/SortedOps$RefSortingSink done
Event: 2.841 Loading class java/util/regex/Pattern$LazyLoop
Event: 2.841 Loading class java/util/regex/Pattern$Loop
Event: 2.841 Loading class java/util/regex/Pattern$Loop done
Event: 2.841 Loading class java/util/regex/Pattern$LazyLoop done
Event: 2.841 Loading class java/util/regex/Pattern$Prolog
Event: 2.841 Loading class java/util/regex/Pattern$Prolog done
Event: 2.863 Loading class java/lang/AssertionError
Event: 2.863 Loading class java/lang/AssertionError done
Event: 2.879 Loading class java/util/regex/Pattern$Pos
Event: 2.879 Loading class java/util/regex/Pattern$Pos done
Event: 3.246 Loading class javax/naming/ldap/LdapContext
Event: 3.246 Loading class javax/naming/directory/DirContext
Event: 3.247 Loading class javax/naming/directory/DirContext done
Event: 3.247 Loading class javax/naming/ldap/LdapContext done
Event: 3.580 Loading class java/beans/PropertyVetoException
Event: 3.580 Loading class java/beans/PropertyVetoException done

Classes unloaded (0 events):
No events

Classes redefined (0 events):
No events

Internal exceptions (20 events):
Event: 2.440 Thread 0x0000016c6b336930 Exception <a 'java/lang/NoSuchMethodError'{0x000000008a52d1f8}: 'void java.lang.invoke.DirectMethodHandle$Holder.invokeSpecial(java.lang.Object, java.lang.Object, java.lang.Object, java.lang.Object, java.lang.Object)'> (0x000000008a52d1f8) 
thrown [s\open\src\hotspot\share\interpreter\linkResolver.cpp, line 774]
Event: 2.452 Thread 0x0000016c6b7ffa00 Exception <a 'java/lang/NoClassDefFoundError'{0x000000008a58c560}: jakarta/validation/Validation> (0x000000008a58c560) 
thrown [s\open\src\hotspot\share\classfile\systemDictionary.cpp, line 244]
Event: 2.458 Thread 0x0000016c6b336930 Exception <a 'java/lang/NoSuchMethodError'{0x000000008a5d50d8}: 'java.lang.reflect.Field[] java.lang.Class.getDeclaredFields(java.lang.Class)'> (0x000000008a5d50d8) 
thrown [s\open\src\hotspot\share\interpreter\linkResolver.cpp, line 774]
Event: 2.460 Thread 0x0000016c6b336930 Exception <a 'java/lang/NoSuchMethodError'{0x000000008a5d9a70}: 'java.lang.Object java.lang.invoke.DirectMethodHandle$Holder.invokeStatic(java.lang.Object, java.lang.Object, int)'> (0x000000008a5d9a70) 
thrown [s\open\src\hotspot\share\interpreter\linkResolver.cpp, line 774]
Event: 2.460 Thread 0x0000016c6b336930 Exception <a 'java/lang/NoSuchMethodError'{0x000000008a5f8510}: 'void java.lang.invoke.DelegatingMethodHandle$Holder.delegate(java.lang.Object, java.lang.Object, int, java.lang.Object)'> (0x000000008a5f8510) 
thrown [s\open\src\hotspot\share\interpreter\linkResolver.cpp, line 774]
Event: 2.480 Thread 0x0000016c6b336930 Exception <a 'java/lang/NoSuchMethodError'{0x000000008a074958}: 'void java.lang.invoke.DirectMethodHandle$Holder.invokeVirtual(java.lang.Object, java.lang.Object, int)'> (0x000000008a074958) 
thrown [s\open\src\hotspot\share\interpreter\linkResolver.cpp, line 774]
Event: 2.481 Thread 0x0000016c6b336930 Exception <a 'java/lang/NoSuchMethodError'{0x000000008a078e08}: 'int java.lang.invoke.DirectMethodHandle$Holder.invokeSpecial(java.lang.Object, java.lang.Object, java.lang.Object, int)'> (0x000000008a078e08) 
thrown [s\open\src\hotspot\share\interpreter\linkResolver.cpp, line 774]
Event: 2.483 Thread 0x0000016c6b336930 Exception <a 'java/lang/NoSuchMethodError'{0x000000008a09de18}: 'java.lang.Object java.lang.invoke.DirectMethodHandle$Holder.invokeStatic(java.lang.Object, java.lang.Object, java.lang.Object, java.lang.Object, int)'> (0x000000008a09de18) 
thrown [s\open\src\hotspot\share\interpreter\linkResolver.cpp, line 774]
Event: 2.484 Thread 0x0000016c6b336930 Exception <a 'java/lang/NoSuchMethodError'{0x000000008a0a5bc8}: 'void java.lang.invoke.DelegatingMethodHandle$Holder.reinvoke_L(java.lang.Object, java.lang.Object, int)'> (0x000000008a0a5bc8) 
thrown [s\open\src\hotspot\share\interpreter\linkResolver.cpp, line 774]
Event: 2.488 Thread 0x0000016c6b336930 Exception <a 'java/lang/IncompatibleClassChangeError'{0x0000000089f1dce8}: Found class java.lang.Object, but interface was expected> (0x0000000089f1dce8) 
thrown [s\open\src\hotspot\share\interpreter\linkResolver.cpp, line 841]
Event: 2.621 Thread 0x0000016c6b336930 Exception <a 'java/lang/NoSuchMethodError'{0x000000008b31bf20}: 'int java.lang.invoke.Invokers$Holder.invokeExact_MT(java.lang.Object, java.lang.Object)'> (0x000000008b31bf20) 
thrown [s\open\src\hotspot\share\interpreter\linkResolver.cpp, line 774]
Event: 2.836 Thread 0x0000016c6b336930 Exception <a 'java/lang/NoSuchMethodError'{0x000000008a62a900}: 'int java.lang.invoke.DirectMethodHandle$Holder.invokeSpecial(java.lang.Object, java.lang.Object, java.lang.Object, java.lang.Object, java.lang.Object)'> (0x000000008a62a900) 
thrown [s\open\src\hotspot\share\interpreter\linkResolver.cpp, line 774]
Event: 2.838 Thread 0x0000016c6b336930 Exception <a 'java/lang/NoSuchMethodError'{0x000000008a633620}: 'void java.lang.invoke.DirectMethodHandle$Holder.invokeVirtual(java.lang.Object, java.lang.Object)'> (0x000000008a633620) 
thrown [s\open\src\hotspot\share\interpreter\linkResolver.cpp, line 774]
Event: 2.890 Thread 0x0000016c6b7ffa00 Exception <a 'java/lang/NoSuchMethodError'{0x000000008a256bb0}: 'long java.lang.invoke.DirectMethodHandle$Holder.invokeStatic(java.lang.Object, java.lang.Object)'> (0x000000008a256bb0) 
thrown [s\open\src\hotspot\share\interpreter\linkResolver.cpp, line 774]
Event: 2.890 Thread 0x0000016c6b7ffa00 Exception <a 'java/lang/NoSuchMethodError'{0x000000008a25a1b8}: 'long java.lang.invoke.DirectMethodHandle$Holder.invokeStaticInit(java.lang.Object, java.lang.Object)'> (0x000000008a25a1b8) 
thrown [s\open\src\hotspot\share\interpreter\linkResolver.cpp, line 774]
Event: 2.892 Thread 0x0000016c6b7ffa00 Exception <a 'java/lang/NoSuchMethodError'{0x000000008a2681f0}: 'long java.lang.invoke.DirectMethodHandle$Holder.invokeInterface(java.lang.Object, java.lang.Object)'> (0x000000008a2681f0) 
thrown [s\open\src\hotspot\share\interpreter\linkResolver.cpp, line 774]
Event: 2.893 Thread 0x0000016c6b7ffa00 Exception <a 'java/lang/IncompatibleClassChangeError'{0x000000008a26b7c0}: Found class java.lang.Object, but interface was expected> (0x000000008a26b7c0) 
thrown [s\open\src\hotspot\share\interpreter\linkResolver.cpp, line 841]
Event: 2.910 Thread 0x0000016c6b7ffa00 Exception <a 'java/lang/NoSuchMethodError'{0x000000008a1619f8}: 'java.lang.Object java.lang.invoke.DirectMethodHandle$Holder.invokeVirtual(java.lang.Object, java.lang.Object, java.lang.Object, java.lang.Object)'> (0x000000008a1619f8) 
thrown [s\open\src\hotspot\share\interpreter\linkResolver.cpp, line 774]
Event: 3.335 Thread 0x0000016c6b336930 Exception <a 'java/lang/IncompatibleClassChangeError'{0x00000000895a81f8}: Found class java.lang.Object, but interface was expected> (0x00000000895a81f8) 
thrown [s\open\src\hotspot\share\interpreter\linkResolver.cpp, line 841]
Event: 3.379 Thread 0x0000016c6b336930 Exception <a 'java/lang/NoSuchMethodError'{0x00000000894ecce0}: 'void java.lang.invoke.DirectMethodHandle$Holder.invokeInterface(java.lang.Object, java.lang.Object, java.lang.Object, java.lang.Object)'> (0x00000000894ecce0) 
thrown [s\open\src\hotspot\share\interpreter\linkResolver.cpp, line 774]

VM Operations (20 events):
Event: 1.953 Executing VM operation: HandshakeAllThreads done
Event: 2.235 Executing VM operation: HandshakeAllThreads
Event: 2.235 Executing VM operation: HandshakeAllThreads done
Event: 2.329 Executing VM operation: ICBufferFull
Event: 2.329 Executing VM operation: ICBufferFull done
Event: 2.428 Executing VM operation: HandshakeAllThreads
Event: 2.428 Executing VM operation: HandshakeAllThreads done
Event: 2.435 Executing VM operation: HandshakeAllThreads
Event: 2.435 Executing VM operation: HandshakeAllThreads done
Event: 2.506 Executing VM operation: G1CollectForAllocation
Event: 2.510 Executing VM operation: G1CollectForAllocation done
Event: 2.760 Executing VM operation: HandshakeAllThreads
Event: 2.760 Executing VM operation: HandshakeAllThreads done
Event: 2.807 Executing VM operation: HandshakeAllThreads
Event: 2.807 Executing VM operation: HandshakeAllThreads done
Event: 2.821 Executing VM operation: HandshakeAllThreads
Event: 2.821 Executing VM operation: HandshakeAllThreads done
Event: 3.557 Executing VM operation: ICBufferFull
Event: 3.557 Executing VM operation: ICBufferFull done
Event: 3.952 Executing VM operation: CollectForMetadataAllocation

Events (20 events):
Event: 0.453 Thread 0x0000016c6adf6130 Thread added: 0x0000016c6adf6130
Event: 1.005 Thread 0x0000016c6af1c0f0 Thread added: 0x0000016c6af1c0f0
Event: 1.554 Thread 0x0000016c6b0c48c0 Thread added: 0x0000016c6b0c48c0
Event: 1.597 Thread 0x0000016c6b0fabb0 Thread added: 0x0000016c6b0fabb0
Event: 1.629 Thread 0x0000016c6aec2150 Thread added: 0x0000016c6aec2150
Event: 1.685 Thread 0x0000016c6aec2150 Thread exited: 0x0000016c6aec2150
Event: 1.801 Thread 0x0000016c6b3363f0 Thread added: 0x0000016c6b3363f0
Event: 1.804 Thread 0x0000016c6b336930 Thread added: 0x0000016c6b336930
Event: 2.189 Thread 0x0000016c6b767520 Thread added: 0x0000016c6b767520
Event: 2.196 Thread 0x0000016c6b767520 Thread exited: 0x0000016c6b767520
Event: 2.448 Thread 0x0000016c6b7ffa00 Thread added: 0x0000016c6b7ffa00
Event: 2.698 Thread 0x0000016c6ba173e0 Thread added: 0x0000016c6ba173e0
Event: 2.706 Thread 0x0000016c6ba173e0 Thread exited: 0x0000016c6ba173e0
Event: 2.912 Thread 0x0000016c6b7ffa00 Thread exited: 0x0000016c6b7ffa00
Event: 3.183 Thread 0x0000016c6b9fc890 Thread added: 0x0000016c6b9fc890
Event: 3.209 Thread 0x0000016c6b9fcde0 Thread added: 0x0000016c6b9fcde0
Event: 3.216 Thread 0x0000016c6b9fcde0 Thread exited: 0x0000016c6b9fcde0
Event: 3.311 Thread 0x0000016c6b9fc890 Thread exited: 0x0000016c6b9fc890
Event: 3.720 Thread 0x0000016c6bcd2ea0 Thread added: 0x0000016c6bcd2ea0
Event: 3.728 Thread 0x0000016c6bcd2ea0 Thread exited: 0x0000016c6bcd2ea0


Dynamic libraries:
0x00007ff71b420000 - 0x00007ff71b430000 	C:\Program Files\Java\jdk-19\bin\java.exe
0x00007ffb767b0000 - 0x00007ffb769a8000 	C:\Windows\SYSTEM32\ntdll.dll
0x00007ffb76190000 - 0x00007ffb7624f000 	C:\Windows\System32\KERNEL32.DLL
0x00007ffb74300000 - 0x00007ffb745f6000 	C:\Windows\System32\KERNELBASE.dll
0x00007ffb74060000 - 0x00007ffb74160000 	C:\Windows\System32\ucrtbase.dll
0x00007ffb4a5d0000 - 0x00007ffb4a5e8000 	C:\Program Files\Java\jdk-19\bin\jli.dll
0x00007ffb48040000 - 0x00007ffb4805b000 	C:\Program Files\Java\jdk-19\bin\VCRUNTIME140.dll
0x00007ffb766c0000 - 0x00007ffb7676f000 	C:\Windows\System32\ADVAPI32.dll
0x00007ffb75300000 - 0x00007ffb7539e000 	C:\Windows\System32\msvcrt.dll
0x00007ffb76490000 - 0x00007ffb7652c000 	C:\Windows\System32\sechost.dll
0x00007ffb751d0000 - 0x00007ffb752f6000 	C:\Windows\System32\RPCRT4.dll
0x00007ffb75810000 - 0x00007ffb759ad000 	C:\Windows\System32\USER32.dll
0x00007ffb74680000 - 0x00007ffb746a2000 	C:\Windows\System32\win32u.dll
0x00007ffb75a90000 - 0x00007ffb75abc000 	C:\Windows\System32\GDI32.dll
0x00007ffb60480000 - 0x00007ffb6071a000 	C:\Windows\WinSxS\amd64_microsoft.windows.common-controls_6595b64144ccf1df_6.0.19041.1110_none_60b5254171f9507e\COMCTL32.dll
0x00007ffb73e90000 - 0x00007ffb73fa5000 	C:\Windows\System32\gdi32full.dll
0x00007ffb74160000 - 0x00007ffb741fd000 	C:\Windows\System32\msvcp_win.dll
0x00007ffb6d3d0000 - 0x00007ffb6d3da000 	C:\Windows\SYSTEM32\VERSION.dll
0x00007ffb76450000 - 0x00007ffb76480000 	C:\Windows\System32\IMM32.DLL
0x00007ffb4c0b0000 - 0x00007ffb4c0bc000 	C:\Program Files\Java\jdk-19\bin\vcruntime140_1.dll
0x00007ffb38970000 - 0x00007ffb389fe000 	C:\Program Files\Java\jdk-19\bin\msvcp140.dll
0x00007ffb01780000 - 0x00007ffb02440000 	C:\Program Files\Java\jdk-19\bin\server\jvm.dll
0x00007ffb5fd00000 - 0x00007ffb5fd09000 	C:\Windows\SYSTEM32\WSOCK32.dll
0x00007ffb608d0000 - 0x00007ffb608f7000 	C:\Windows\SYSTEM32\WINMM.dll
0x00007ffb75ac0000 - 0x00007ffb75b2b000 	C:\Windows\System32\WS2_32.dll
0x00007ffb726e0000 - 0x00007ffb726f2000 	C:\Windows\SYSTEM32\kernel.appcore.dll
0x00007ffb4b160000 - 0x00007ffb4b16a000 	C:\Program Files\Java\jdk-19\bin\jimage.dll
0x00007ffb71c40000 - 0x00007ffb71e24000 	C:\Windows\SYSTEM32\DBGHELP.DLL
0x00007ffb5b6f0000 - 0x00007ffb5b724000 	C:\Windows\SYSTEM32\dbgcore.DLL
0x00007ffb74270000 - 0x00007ffb742f2000 	C:\Windows\System32\bcryptPrimitives.dll
0x00007ffb46e20000 - 0x00007ffb46e2e000 	C:\Program Files\Java\jdk-19\bin\instrument.dll
0x00007ffb46dd0000 - 0x00007ffb46df6000 	C:\Program Files\Java\jdk-19\bin\java.dll
0x00007ffb28cf0000 - 0x00007ffb28dc7000 	C:\Program Files\Java\jdk-19\bin\jsvml.dll
0x00007ffb74a80000 - 0x00007ffb751c4000 	C:\Windows\System32\SHELL32.dll
0x00007ffb71f30000 - 0x00007ffb726c3000 	C:\Windows\SYSTEM32\windows.storage.dll
0x00007ffb75450000 - 0x00007ffb757a4000 	C:\Windows\System32\combase.dll
0x00007ffb738f0000 - 0x00007ffb7391e000 	C:\Windows\SYSTEM32\Wldp.dll
0x00007ffb75b30000 - 0x00007ffb75bdd000 	C:\Windows\System32\SHCORE.dll
0x00007ffb76660000 - 0x00007ffb766b5000 	C:\Windows\System32\shlwapi.dll
0x00007ffb73dd0000 - 0x00007ffb73def000 	C:\Windows\SYSTEM32\profapi.dll
0x00007ffb46ae0000 - 0x00007ffb46af8000 	C:\Program Files\Java\jdk-19\bin\zip.dll
0x00007ffb46b20000 - 0x00007ffb46b33000 	C:\Program Files\Java\jdk-19\bin\net.dll
0x00007ffb6a750000 - 0x00007ffb6a85a000 	C:\Windows\SYSTEM32\WINHTTP.dll
0x00007ffb73650000 - 0x00007ffb736ba000 	C:\Windows\system32\mswsock.dll
0x00007ffb46b00000 - 0x00007ffb46b16000 	C:\Program Files\Java\jdk-19\bin\nio.dll
0x00007ffb46db0000 - 0x00007ffb46dca000 	C:\Program Files\JetBrains\IntelliJ IDEA 2022.2\bin\breakgen64.dll
0x00007ffb4a610000 - 0x00007ffb4a618000 	C:\Program Files\Java\jdk-19\bin\extnet.dll
0x00007ffb73340000 - 0x00007ffb7340b000 	C:\Windows\SYSTEM32\DNSAPI.dll
0x00007ffb732f0000 - 0x00007ffb7332c000 	C:\Windows\SYSTEM32\IPHLPAPI.DLL
0x00007ffb76440000 - 0x00007ffb76448000 	C:\Windows\System32\NSI.dll
0x00007ffb6a880000 - 0x00007ffb6a88a000 	C:\Windows\System32\rasadhlp.dll
0x00007ffb67560000 - 0x00007ffb675e2000 	C:\Windows\System32\fwpuclnt.dll
0x00007ffb74600000 - 0x00007ffb74627000 	C:\Windows\System32\bcrypt.dll
0x00007ffb4c070000 - 0x00007ffb4c07a000 	C:\Program Files\Java\jdk-19\bin\management.dll
0x00007ffb4c060000 - 0x00007ffb4c06b000 	C:\Program Files\Java\jdk-19\bin\management_ext.dll
0x00007ffb76480000 - 0x00007ffb76488000 	C:\Windows\System32\PSAPI.DLL
0x00007ffb73840000 - 0x00007ffb73858000 	C:\Windows\SYSTEM32\CRYPTSP.dll
0x00007ffb72f00000 - 0x00007ffb72f34000 	C:\Windows\system32\rsaenh.dll
0x00007ffb73d50000 - 0x00007ffb73d7e000 	C:\Windows\SYSTEM32\USERENV.dll
0x00007ffb73860000 - 0x00007ffb7386c000 	C:\Windows\SYSTEM32\CRYPTBASE.dll
0x00007ffb6cce0000 - 0x00007ffb6ccf7000 	C:\Windows\SYSTEM32\dhcpcsvc6.DLL
0x00007ffb6bfd0000 - 0x00007ffb6bfed000 	C:\Windows\SYSTEM32\dhcpcsvc.DLL
0x00007ffb4c6d0000 - 0x00007ffb4c6e7000 	C:\Windows\system32\napinsp.dll
0x00007ffb4c6b0000 - 0x00007ffb4c6cb000 	C:\Windows\system32\pnrpnsp.dll
0x00007ffb6ed00000 - 0x00007ffb6ed15000 	C:\Windows\system32\wshbth.dll
0x00007ffb6f870000 - 0x00007ffb6f88d000 	C:\Windows\system32\NLAapi.dll
0x00007ffb4c690000 - 0x00007ffb4c6a2000 	C:\Windows\System32\winrnr.dll
0x00007ffb46ad0000 - 0x00007ffb46ae0000 	C:\Program Files\Java\jdk-19\bin\verify.dll

dbghelp: loaded successfully - version: 4.0.5 - missing functions: none
symbol engine: initialized successfully - sym options: 0x614 - pdb path: .;C:\Program Files\Java\jdk-19\bin;C:\Windows\SYSTEM32;C:\Windows\WinSxS\amd64_microsoft.windows.common-controls_6595b64144ccf1df_6.0.19041.1110_none_60b5254171f9507e;C:\Program Files\Java\jdk-19\bin\server;C:\Program Files\JetBrains\IntelliJ IDEA 2022.2\bin

VM Arguments:
jvm_args: -XX:TieredStopAtLevel=1 -Dspring.output.ansi.enabled=always -Dcom.sun.management.jmxremote -Dspring.jmx.enabled=true -Dspring.liveBeansView.mbeanDomain -Dspring.application.admin.enabled=true -javaagent:C:\Program Files\JetBrains\IntelliJ IDEA 2022.2\lib\idea_rt.jar=59337:C:\Program Files\JetBrains\IntelliJ IDEA 2022.2\bin -Dfile.encoding=UTF-8 
java_command: com.example.clientwebservice.ClientWebServiceApplication
java_class_path (initial): C:\Users\ghita\Desktop\testapp\JABAK_LAH\WebServices\clientWebService\target\classes;C:\Users\ghita\.m2\repository\wsdl4j\wsdl4j\1.6.3\wsdl4j-1.6.3.jar;C:\Users\ghita\.m2\repository\com\infobip\infobip-api-java-client\3.2.0\infobip-api-java-client-3.2.0.jar;C:\Users\ghita\.m2\repository\com\squareup\okhttp3\okhttp\4.10.0\okhttp-4.10.0.jar;C:\Users\ghita\.m2\repository\com\squareup\okio\okio-jvm\3.0.0\okio-jvm-3.0.0.jar;C:\Users\ghita\.m2\repository\org\jetbrains\kotlin\kotlin-stdlib-common\1.7.22\kotlin-stdlib-common-1.7.22.jar;C:\Users\ghita\.m2\repository\org\jetbrains\kotlin\kotlin-stdlib\1.7.22\kotlin-stdlib-1.7.22.jar;C:\Users\ghita\.m2\repository\org\jetbrains\annotations\13.0\annotations-13.0.jar;C:\Users\ghita\.m2\repository\com\squareup\okhttp3\logging-interceptor\4.10.0\logging-interceptor-4.10.0.jar;C:\Users\ghita\.m2\repository\org\jetbrains\kotlin\kotlin-stdlib-jdk8\1.7.22\kotlin-stdlib-jdk8-1.7.22.jar;C:\Users\ghita\.m2\repository\org\jetbrains\kotlin\kotlin-stdlib-jdk7\1.7.22\kotlin-stdlib-jdk7-1.7.22.jar;C:\Users\ghita\.m2\repository\com\google\code\gson\gson\2.9.1\gson-2.9.1.jar;C:\Users\ghita\.m2\repository\io\gsonfire\gson-fire\1.8.5\gson-fire-1.8.5.jar;C:\Users\ghita\.m2\repository\org\apache\oltu\oauth2\org.apache.oltu.oauth2.client\1.0.1\org.apache.oltu.oauth2.client-1.0.1.jar;C:\Users\ghita\.m2\repository\org\apache\oltu\oauth2\org.apache.oltu.oauth2.common\1.0.1\org.apache.oltu.oauth2.common-1.0.1.jar;C:\Users\ghita\.m2\repository\org\json\json\20140107\json-20140107.jar;C:\Users\ghita\.m2\repository\commons-codec\commons-codec\1.15\commons-codec-1.15.jar;C:\Users\ghita\.m2\repository\org\slf4j\slf4j-api\2.0.7\slf4j-api-2.0.7.jar;C:\Users\ghita\.m2\repository\org\springframework\boot\spring-boot-starter-data-jpa\3.0.6\spring-boot-starter-data-jpa-3.0.6.jar;C:\Users\ghita\.m2\repository\org\springframework\boot\spring-boot-starter-aop\3.0.6\spring-boot-starter-aop-3.0.6.jar;C:\Users\ghita\.m2\repository\org\aspectj\aspectjweaver\1.9.19\aspectjweaver-1.9.19.jar;C:\Users\ghita\.m2\repository\org\springframework\boot\spring-boot-starter-jdbc\3.0.6\spring-boot-starter-jdbc-3.0.6.jar;C:\Users\ghita\.m2\repository\com\zaxxer\HikariCP\5.0.1\HikariCP-5.0.1.jar;C:\Users\ghita\.m2\repository\org\springframework\spring-jdbc\6.0.8\spring-jdbc-6.0.8.jar;C:\Users\ghita\.m2\repository\org\hibernate\orm\hibernate-core\6.1.7.Final\hibernate-core-6.1.7.Final.jar;C:\Users\ghita\.m2\repository\jakarta\persistence\jakarta.persistence-api\3.1.0\jakarta.persistence-api-3.1.0.jar;C:\Users\ghita\.m2\repository\jakarta\transaction\jakarta.transaction-api\2.0.1\jakarta.transaction-api-2.0.1.jar;C:\Users\ghita\.m2\repository\org\jboss\logging\jboss-logging\3.5.0.Final\jboss-logging-3.5.0.Final.jar;C:\Users\ghita\.m2\repository\org\hibernate\common\hibernate-commons-annotations\6.0.6.Final\hibernate-commons-annotations-6.0.6.Final.jar;C:\Users\ghita\.m2\repository\org\jboss\jandex\2.4.2.Final\jandex-2.4.2.Final.jar;C:\Users\ghita\.m2\repository\com\fasterxml\classmate\1.5.1\classmate-1.5.1.jar;C:\Users\ghita\.m2\repository\net\bytebuddy\byte-buddy\1.12.23\byte-buddy-1.12.23.jar;C:\Users\ghita\.m2\repository\org\glassfish\jaxb\jaxb-runtime\4.0.2\jaxb-runtime-4.0.2.jar;C:\Users\ghita\.m2\repository\org\glassfish\jaxb\jaxb-core\4.0.2\jaxb-core-4.0.2.jar;C:\Users\ghita\.m2\repository\org\glassfish\jaxb\txw2\4.0.2\txw2-4.0.2.jar;C:\Users\ghita\.m2\repository\com\sun\istack\istack-commons-runtime\4.1.1\istack-commons-runtime-4.1.1.jar;C:\Users\ghita\.m2\repository\jakarta\inject\jakarta.inject-api\2.0.0\jakarta.inject-api-2.0.0.jar;C:\Users\ghita\.m2\repository\org\antlr\antlr4-runtime\4.10.1\antlr4-runtime-4.10.1.jar;C:\Users\ghita\.m2\repository\org\springframework\data\spring-data-jpa\3.0.5\spring-data-jpa-3.0.5.jar;C:\Users\ghita\.m2\repository\org\springframework\data\spring-data-commons\3.0.5\spring-data-commons-3.0.5.jar;C:\Users\ghita\.m2\repository\org\springframework\spring-orm\6.0.8\spring-orm-6.0.8.jar;C:\Users\ghita\.m2\repository\org\springframework\spring-context\6.0.8\spring-context-6.0.8.jar;C:\Users\ghita\.m2\repository\org\springframework\spring-tx\6.0.8\spring-tx-6.0.8.jar;C:\Users\ghita\.m2\repository\org\springframework\spring-beans\6.0.8\spring-beans-6.0.8.jar;C:\Users\ghita\.m2\repository\jakarta\annotation\jakarta.annotation-api\2.1.1\jakarta.annotation-api-2.1.1.jar;C:\Users\ghita\.m2\repository\org\springframework\spring-aspects\6.0.8\spring-aspects-6.0.8.jar;C:\Users\ghita\.m2\repository\org\springframework\boot\spring-boot-starter-web\3.0.6\spring-boot-starter-web-3.0.6.jar;C:\Users\ghita\.m2\repository\org\springframework\boot\spring-boot-starter\3.0.6\spring-boot-starter-3.0.6.jar;C:\Users\ghita\.m2\repository\org\springframework\boot\spring-boot-starter-logging\3.0.6\spring-boot-starter-logging-3.0.6.jar;C:\Users\ghita\.m2\repository\ch\qos\logback\logback-classic\1.4.7\logback-classic-1.4.7.jar;C:\Users\ghita\.m2\repository\ch\qos\logback\logback-core\1.4.7\logback-core-1.4.7.jar;C:\Users\ghita\.m2\repository\org\apache\logging\log4j\log4j-to-slf4j\2.19.0\log4j-to-slf4j-2.19.0.jar;C:\Users\ghita\.m2\repository\org\apache\logging\log4j\log4j-api\2.19.0\log4j-api-2.19.0.jar;C:\Users\ghita\.m2\repository\org\slf4j\jul-to-slf4j\2.0.7\jul-to-slf4j-2.0.7.jar;C:\Users\ghita\.m2\repository\org\yaml\snakeyaml\1.33\snakeyaml-1.33.jar;C:\Users\ghita\.m2\repository\org\springframework\boot\spring-boot-starter-json\3.0.6\spring-boot-starter-json-3.0.6.jar;C:\Users\ghita\.m2\repository\com\fasterxml\jackson\datatype\jackson-datatype-jdk8\2.14.2\jackson-datatype-jdk8-2.14.2.jar;C:\Users\ghita\.m2\repository\com\fasterxml\jackson\datatype\jackson-datatype-jsr310\2.14.2\jackson-datatype-jsr310-2.14.2.jar;C:\Users\ghita\.m2\repository\com\fasterxml\jackson\module\jackson-module-parameter-names\2.14.2\jackson-module-parameter-names-2.14.2.jar;C:\Users\ghita\.m2\repository\org\springframework\boot\spring-boot-starter-tomcat\3.0.6\spring-boot-starter-tomcat-3.0.6.jar;C:\Users\ghita\.m2\repository\org\apache\tomcat\embed\tomcat-embed-core\10.1.8\tomcat-embed-core-10.1.8.jar;C:\Users\ghita\.m2\repository\org\apache\tomcat\embed\tomcat-embed-el\10.1.8\tomcat-embed-el-10.1.8.jar;C:\Users\ghita\.m2\repository\org\apache\tomcat\embed\tomcat-embed-websocket\10.1.8\tomcat-embed-websocket-10.1.8.jar;C:\Users\ghita\.m2\repository\org\springframework\spring-web\6.0.8\spring-web-6.0.8.jar;C:\Users\ghita\.m2\repository\io\micrometer\micrometer-observation\1.10.6\micrometer-observation-1.10.6.jar;C:\Users\ghita\.m2\repository\io\micrometer\micrometer-commons\1.10.6\micrometer-commons-1.10.6.jar;C:\Users\ghita\.m2\repository\org\springframework\spring-webmvc\6.0.8\spring-webmvc-6.0.8.jar;C:\Users\ghita\.m2\repository\org\springframework\spring-expression\6.0.8\spring-expression-6.0.8.jar;C:\Users\ghita\.m2\repository\org\passay\passay\1.6.3\passay-1.6.3.jar;C:\Users\ghita\.m2\repository\org\springframework\boot\spring-boot-starter-web-services\3.0.6\spring-boot-starter-web-services-3.0.6.jar;C:\Users\ghita\.m2\repository\com\sun\xml\messaging\saaj\saaj-impl\3.0.1\saaj-impl-3.0.1.jar;C:\Users\ghita\.m2\repository\jakarta\xml\soap\jakarta.xml.soap-api\3.0.0\jakarta.xml.soap-api-3.0.0.jar;C:\Users\ghita\.m2\repository\org\jvnet\staxex\stax-ex\2.1.0\stax-ex-2.1.0.jar;C:\Users\ghita\.m2\repository\jakarta\activation\jakarta.activation-api\2.1.1\jakarta.activation-api-2.1.1.jar;C:\Users\ghita\.m2\repository\org\eclipse\angus\angus-activation\2.0.0\angus-activation-2.0.0.jar;C:\Users\ghita\.m2\repository\jakarta\xml\ws\jakarta.xml.ws-api\4.0.0\jakarta.xml.ws-api-4.0.0.jar;C:\Users\ghita\.m2\repository\org\springframework\spring-oxm\6.0.8\spring-oxm-6.0.8.jar;C:\Users\ghita\.m2\repository\org\springframework\ws\spring-ws-core\4.0.3\spring-ws-core-4.0.3.jar;C:\Users\ghita\.m2\repository\org\springframework\ws\spring-xml\4.0.3\spring-xml-4.0.3.jar;C:\Users\ghita\.m2\repository\org\springframework\boot\spring-boot-devtools\3.0.6\spring-boot-devtools-3.0.6.jar;C:\Users\ghita\.m2\repository\org\springframework\boot\spring-boot\3.0.6\spring-boot-3.0.6.jar;C:\Users\ghita\.m2\repository\org\springframework\boot\spring-boot-autoconfigure\3.0.6\spring-boot-autoconfigure-3.0.6.jar;C:\Users\ghita\.m2\repository\com\mysql\mysql-connector-j\8.0.33\mysql-connector-j-8.0.33.jar;C:\Users\ghita\.m2\repository\jakarta\xml\bind\jakarta.xml.bind-api\4.0.0\jakarta.xml.bind-api-4.0.0.jar;C:\Users\ghita\.m2\repository\org\springframework\spring-core\6.0.8\spring-core-6.0.8.jar;C:\Users\ghita\.m2\repository\org\springframework\spring-jcl\6.0.8\spring-jcl-6.0.8.jar;C:\Users\ghita\.m2\repository\org\projectlombok\lombok\1.18.26\lombok-1.18.26.jar;C:\Users\ghita\.m2\repository\org\springframework\boot\spring-boot-starter-security\3.0.6\spring-boot-starter-security-3.0.6.jar;C:\Users\ghita\.m2\repository\org\springframework\spring-aop\6.0.8\spring-aop-6.0.8.jar;C:\Users\ghita\.m2\repository\org\springframework\security\spring-security-config\6.0.3\spring-security-config-6.0.3.jar;C:\Users\ghita\.m2\repository\org\springframework\security\spring-security-web\6.0.3\spring-security-web-6.0.3.jar;C:\Users\ghita\.m2\repository\org\springframework\security\spring-security-core\6.0.3\spring-security-core-6.0.3.jar;C:\Users\ghita\.m2\repository\org\springframework\security\spring-security-crypto\6.0.3\spring-security-crypto-6.0.3.jar;C:\Users\ghita\.m2\repository\io\jsonwebtoken\jjwt-impl\0.11.5\jjwt-impl-0.11.5.jar;C:\Users\ghita\.m2\repository\io\jsonwebtoken\jjwt-api\0.11.5\jjwt-api-0.11.5.jar;C:\Users\ghita\.m2\repository\io\jsonwebtoken\jjwt-jackson\0.11.5\jjwt-jackson-0.11.5.jar;C:\Users\ghita\.m2\repository\com\fasterxml\jackson\core\jackson-databind\2.14.2\jackson-databind-2.14.2.jar;C:\Users\ghita\.m2\repository\com\fasterxml\jackson\core\jackson-annotations\2.14.2\jackson-annotations-2.14.2.jar;C:\Users\ghita\.m2\repository\com\fasterxml\jackson\core\jackson-core\2.14.2\jackson-core-2.14.2.jar;C:\Users\ghita\.m2\repository\org\springframework\boot\spring-boot-starter-mail\3.0.3\spring-boot-starter-mail-3.0.3.jar;C:\Users\ghita\.m2\repository\org\springframework\spring-context-support\6.0.8\spring-context-support-6.0.8.jar;C:\Users\ghita\.m2\repository\org\eclipse\angus\jakarta.mail\1.0.0\jakarta.mail-1.0.0.jar
Launcher Type: SUN_STANDARD

[Global flags]
     intx CICompilerCount                          = 4                                         {product} {ergonomic}
     uint ConcGCThreads                            = 2                                         {product} {ergonomic}
     uint G1ConcRefinementThreads                  = 8                                         {product} {ergonomic}
   size_t G1HeapRegionSize                         = 1048576                                   {product} {ergonomic}
    uintx GCDrainStackTargetSize                   = 64                                        {product} {ergonomic}
   size_t InitialHeapSize                          = 130023424                                 {product} {ergonomic}
     bool ManagementServer                         = true                                      {product} {command line}
   size_t MarkStackSize                            = 4194304                                   {product} {ergonomic}
   size_t MaxHeapSize                              = 2080374784                                {product} {ergonomic}
   size_t MaxNewSize                               = 1247805440                                {product} {ergonomic}
   size_t MinHeapDeltaBytes                        = 1048576                                   {product} {ergonomic}
   size_t MinHeapSize                              = 8388608                                   {product} {ergonomic}
    uintx NonProfiledCodeHeapSize                  = 0                                      {pd product} {ergonomic}
     bool ProfileInterpreter                       = false                                  {pd product} {command line}
    uintx ProfiledCodeHeapSize                     = 0                                      {pd product} {ergonomic}
   size_t SoftMaxHeapSize                          = 2080374784                             {manageable} {ergonomic}
     intx TieredStopAtLevel                        = 1                                         {product} {command line}
     bool UseCompressedClassPointers               = true                           {product lp64_product} {ergonomic}
     bool UseCompressedOops                        = true                           {product lp64_product} {ergonomic}
     bool UseG1GC                                  = true                                      {product} {ergonomic}
     bool UseLargePagesIndividualAllocation        = false                                  {pd product} {ergonomic}

Logging:
Log output configuration:
 #0: stdout all=warning uptime,level,tags foldmultilines=false
 #1: stderr all=off uptime,level,tags foldmultilines=false

Environment Variables:
JAVA_HOME=C:\Program Files\Java\jdk-18.0.1.1
PATH=C:\app\ghita\product\21c\dbhomeXE\bin;C:\Users\ghita\Downloads\WINDOWS.X64_213000_db_home\bin;C:\oraclexe\app\oracle\product\11.2.0\server\bin;C:\Program Files\Common Files\Oracle\Java\javapath;C:\Program Files (x86)\Common Files\Oracle\Java\javapath;C:\Windows\system32;C:\Windows;C:\Windows\System32\Wbem;C:\Windows\System32\WindowsPowerShell\v1.0\;C:\Windows\System32\OpenSSH\;C:\Program Files (x86)\NVIDIA Corporation\PhysX\Common;C:\msys64\mingw64\bin;C:\Program Files\MySQL\MySQL Server 8.0\bin;C:\Users\ghita\AppData\Local\Packages\PythonSoftwareFoundation.Python.3.10_qbz5n2kfra8p0\LocalCache\local-packages\Python310\Scripts;C:\xampp\php;C:\ProgramData\Microsoft\Windows\Start Menu\Programs;C:\Program Files\Git\cmd;C:\Program Files\Java\jdk-18.0.1.1\bin;C:\Dev\opencv\build\x64\vc15\bin;C:\Dev\opencv\build\x64\vc15\lib;C:\Program Files\CMake\bin;C:\Dev\opencv\build\x64\mingw\bin;C:\Dev\opencv\build\x64\mingw\lib;C:\Users\ghita\youtubedl;C:\Users\ghita\FFMPEG;C:\sqlite3;C:\Program Files\nodejs\;C:\Windows\System32\WindowsPowerShell\v1.0;C:\Program Files\Git\cmd\git.exe;C:\Users\ghita\flutter\bin;C:\Program Files\PowerShell\7\;C:\Program Files\apache-maven-3.9.2-bin\apache-maven-3.9.2\bin;C:\Users\ghita\AppData\Local\Microsoft\WindowsApps;C:\MinGW\bin;C:\Program Files\CodeBlocks\MinGW\bin;C:\Program Files\MySQL\MySQL Server 8.0\bin;C:\Users\ghita\AppData\Local\Programs\Python\Python310\Scripts;C:\Users\ghita\AppData\Local\Programs\Python\Python310\include;C:\Users\ghita\AppData\Roaming\Microsoft\Windows\Start Menu\Programs\Python 3.10;C:\xampp\php;C:\ProgramData\Microsoft\Windows\Start Menu\Programs;C:\Users\ghita\AppData\Local\GitHubDesktop\bin;C:\Program Files\JetBrains\IntelliJ IDEA 2022.2\bin;C:\Users\ghita\AppData\Local\gitkraken\bin;C:\Users\ghita\AppData\Roaming\npm;C:\Users\ghita\AppData\Local\Programs\Microsoft VS Code\bin;C:\Users\ghita\flutter\bin;C:\Users\ghita\AppData\Local\Android\Sdk;
USERNAME=ghita
OS=Windows_NT
PROCESSOR_IDENTIFIER=Intel64 Family 6 Model 126 Stepping 5, GenuineIntel
TMP=C:\Users\ghita\AppData\Local\Temp
TEMP=C:\Users\ghita\AppData\Local\Temp



---------------  S Y S T E M  ---------------

OS:
 Windows 10 , 64 bit Build 19041 (10.0.19041.2913)
OS uptime: 1 days 5:30 hours

CPU: total 8 (initial active 8) (4 cores per cpu, 2 threads per core) family 6 model 126 stepping 5 microcode 0xa0, cx8, cmov, fxsr, ht, mmx, 3dnowpref, sse, sse2, sse3, ssse3, sse4.1, sse4.2, popcnt, lzcnt, tsc, tscinvbit, avx, avx2, aes, erms, clmul, bmi1, bmi2, adx, avx512f, avx512dq, avx512cd, avx512bw, avx512vl, sha, fma, vzeroupper, avx512_vpopcntdq, avx512_vpclmulqdq, avx512_vaes, avx512_vnni, clflush, clflushopt, avx512_vbmi2, avx512_vbmi, rdtscp, rdpid, fsrm, gfni, avx512_bitalg

Memory: 4k page, system-wide physical 7930M (204M free)
TotalPageFile size 20218M (AvailPageFile size 1M)
current process WorkingSet (physical memory assigned to process): 149M, peak: 149M
current process commit charge ("private bytes"): 245M, peak: 245M

vm_info: Java HotSpot(TM) 64-Bit Server VM (19.0.1+10-21) for windows-amd64 JRE (19.0.1+10-21), built on 2022-09-14T12:45:06Z by "mach5one" with MS VC++ 17.1 (VS2022)

END.
